{"/Users/mobiletechpeople/Desktop/Dossier_Ignace/PROJET_QUENTIN/WEBSERVICE/src/index.ts": {"path":"/Users/mobiletechpeople/Desktop/Dossier_Ignace/PROJET_QUENTIN/WEBSERVICE/src/index.ts","statementMap":{"0":{"start":{"line":2,"column":0},"end":{"line":2,"column":40}},"1":{"start":{"line":3,"column":0},"end":{"line":3,"column":47}},"2":{"start":{"line":4,"column":0},"end":{"line":4,"column":33}},"3":{"start":{"line":7,"column":0},"end":{"line":9,"column":63}},"4":{"start":{"line":8,"column":12},"end":{"line":8,"column":72}},"5":{"start":{"line":9,"column":14},"end":{"line":9,"column":61}},"6":{"start":{"line":12,"column":0},"end":{"line":16,"column":null}},"7":{"start":{"line":13,"column":4},"end":{"line":13,"column":113}},"8":{"start":{"line":13,"column":36},"end":{"line":13,"column":111}},"9":{"start":{"line":15,"column":4},"end":{"line":15,"column":44}}},"fnMap":{"0":{"name":"(anonymous_1)","decl":{"start":{"line":8,"column":6},"end":{"line":8,"column":8}},"loc":{"start":{"line":8,"column":10},"end":{"line":8,"column":73}}},"1":{"name":"(anonymous_2)","decl":{"start":{"line":9,"column":7},"end":{"line":9,"column":10}},"loc":{"start":{"line":9,"column":14},"end":{"line":9,"column":61}}},"2":{"name":"(anonymous_3)","decl":{"start":{"line":13,"column":31},"end":{"line":13,"column":33}},"loc":{"start":{"line":13,"column":36},"end":{"line":13,"column":111}}}},"branchMap":{},"s":{"0":0,"1":0,"2":0,"3":0,"4":0,"5":0,"6":0,"7":0,"8":0,"9":0},"f":{"0":0,"1":0,"2":0},"b":{}}
,"/Users/mobiletechpeople/Desktop/Dossier_Ignace/PROJET_QUENTIN/WEBSERVICE/src/bd/cnx.ts": {"path":"/Users/mobiletechpeople/Desktop/Dossier_Ignace/PROJET_QUENTIN/WEBSERVICE/src/bd/cnx.ts","statementMap":{"0":{"start":{"line":3,"column":0},"end":{"line":3,"column":46}},"1":{"start":{"line":4,"column":0},"end":{"line":4,"column":40}},"2":{"start":{"line":6,"column":19},"end":{"line":6,"column":45}},"3":{"start":{"line":7,"column":19},"end":{"line":7,"column":49}},"4":{"start":{"line":8,"column":19},"end":{"line":8,"column":39}},"5":{"start":{"line":9,"column":19},"end":{"line":9,"column":39}},"6":{"start":{"line":10,"column":19},"end":{"line":10,"column":48}},"7":{"start":{"line":11,"column":19},"end":{"line":11,"column":35}},"8":{"start":{"line":13,"column":18},"end":{"line":23,"column":2}},"9":{"start":{"line":31,"column":0},"end":{"line":31,"column":25}}},"fnMap":{},"branchMap":{"0":{"loc":{"start":{"line":16,"column":13},"end":{"line":16,"column":35}},"type":"binary-expr","locations":[{"start":{"line":16,"column":13},"end":{"line":16,"column":27}},{"start":{"line":16,"column":31},"end":{"line":16,"column":35}}]}},"s":{"0":5,"1":5,"2":5,"3":5,"4":5,"5":5,"6":5,"7":5,"8":5,"9":5},"f":{},"b":{"0":[5,0]}}
,"/Users/mobiletechpeople/Desktop/Dossier_Ignace/PROJET_QUENTIN/WEBSERVICE/src/common/params.ts": {"path":"/Users/mobiletechpeople/Desktop/Dossier_Ignace/PROJET_QUENTIN/WEBSERVICE/src/common/params.ts","statementMap":{"0":{"start":{"line":1,"column":0},"end":{"line":1,"column":28}},"1":{"start":{"line":2,"column":0},"end":{"line":2,"column":16}},"2":{"start":{"line":4,"column":24},"end":{"line":15,"column":null}},"3":{"start":{"line":17,"column":0},"end":{"line":17,"column":null}}},"fnMap":{},"branchMap":{},"s":{"0":5,"1":5,"2":5,"3":5},"f":{},"b":{}}
,"/Users/mobiletechpeople/Desktop/Dossier_Ignace/PROJET_QUENTIN/WEBSERVICE/src/common/retourParams.ts": {"path":"/Users/mobiletechpeople/Desktop/Dossier_Ignace/PROJET_QUENTIN/WEBSERVICE/src/common/retourParams.ts","statementMap":{"0":{"start":{"line":2,"column":13},"end":{"line":28,"column":null}}},"fnMap":{},"branchMap":{},"s":{"0":5},"f":{},"b":{}}
,"/Users/mobiletechpeople/Desktop/Dossier_Ignace/PROJET_QUENTIN/WEBSERVICE/src/common/serveurParams.ts": {"path":"/Users/mobiletechpeople/Desktop/Dossier_Ignace/PROJET_QUENTIN/WEBSERVICE/src/common/serveurParams.ts","statementMap":{"0":{"start":{"line":2,"column":0},"end":{"line":2,"column":41}},"1":{"start":{"line":3,"column":0},"end":{"line":3,"column":37}},"2":{"start":{"line":4,"column":0},"end":{"line":4,"column":28}},"3":{"start":{"line":5,"column":0},"end":{"line":5,"column":24}},"4":{"start":{"line":6,"column":0},"end":{"line":6,"column":39}},"5":{"start":{"line":8,"column":21},"end":{"line":8,"column":30}},"6":{"start":{"line":10,"column":0},"end":{"line":10,"column":50}},"7":{"start":{"line":11,"column":0},"end":{"line":11,"column":27}},"8":{"start":{"line":12,"column":0},"end":{"line":12,"column":null}},"9":{"start":{"line":13,"column":0},"end":{"line":13,"column":16}},"10":{"start":{"line":14,"column":0},"end":{"line":14,"column":null}},"11":{"start":{"line":16,"column":0},"end":{"line":16,"column":19}}},"fnMap":{},"branchMap":{},"s":{"0":5,"1":5,"2":5,"3":5,"4":5,"5":5,"6":5,"7":5,"8":5,"9":5,"10":5,"11":5},"f":{},"b":{}}
,"/Users/mobiletechpeople/Desktop/Dossier_Ignace/PROJET_QUENTIN/WEBSERVICE/src/controlleur/verifToken.ts": {"path":"/Users/mobiletechpeople/Desktop/Dossier_Ignace/PROJET_QUENTIN/WEBSERVICE/src/controlleur/verifToken.ts","statementMap":{"0":{"start":{"line":1,"column":0},"end":{"line":1,"column":31}},"1":{"start":{"line":3,"column":0},"end":{"line":3,"column":50}},"2":{"start":{"line":6,"column":20},"end":{"line":12,"column":1}},"3":{"start":{"line":7,"column":4},"end":{"line":9,"column":null}},"4":{"start":{"line":8,"column":8},"end":{"line":8,"column":null}},"5":{"start":{"line":10,"column":20},"end":{"line":10,"column":60}},"6":{"start":{"line":11,"column":4},"end":{"line":11,"column":null}},"7":{"start":{"line":14,"column":26},"end":{"line":32,"column":5}},"8":{"start":{"line":18,"column":18},"end":{"line":18,"column":85}},"9":{"start":{"line":20,"column":4},"end":{"line":22,"column":null}},"10":{"start":{"line":21,"column":8},"end":{"line":21,"column":null}},"11":{"start":{"line":24,"column":12},"end":{"line":29,"column":11}},"12":{"start":{"line":25,"column":16},"end":{"line":27,"column":null}},"13":{"start":{"line":26,"column":16},"end":{"line":26,"column":null}},"14":{"start":{"line":28,"column":16},"end":{"line":28,"column":null}},"15":{"start":{"line":30,"column":6},"end":{"line":30,"column":13}},"16":{"start":{"line":14,"column":13},"end":{"line":14,"column":26}}},"fnMap":{"0":{"name":"(anonymous_1)","decl":{"start":{"line":6,"column":20},"end":{"line":6,"column":21}},"loc":{"start":{"line":6,"column":50},"end":{"line":12,"column":1}}},"1":{"name":"(anonymous_2)","decl":{"start":{"line":14,"column":26},"end":{"line":14,"column":27}},"loc":{"start":{"line":14,"column":79},"end":{"line":32,"column":5}}},"2":{"name":"(anonymous_3)","decl":{"start":{"line":24,"column":63},"end":{"line":24,"column":64}},"loc":{"start":{"line":24,"column":75},"end":{"line":29,"column":9}}}},"branchMap":{"0":{"loc":{"start":{"line":7,"column":4},"end":{"line":9,"column":null}},"type":"if","locations":[{"start":{"line":7,"column":4},"end":{"line":9,"column":null}}]},"1":{"loc":{"start":{"line":11,"column":11},"end":{"line":11,"column":32}},"type":"binary-expr","locations":[{"start":{"line":11,"column":11},"end":{"line":11,"column":18}},{"start":{"line":11,"column":22},"end":{"line":11,"column":32}}]},"2":{"loc":{"start":{"line":18,"column":18},"end":{"line":18,"column":85}},"type":"binary-expr","locations":[{"start":{"line":18,"column":18},"end":{"line":18,"column":43}},{"start":{"line":18,"column":47},"end":{"line":18,"column":85}}]},"3":{"loc":{"start":{"line":20,"column":4},"end":{"line":22,"column":null}},"type":"if","locations":[{"start":{"line":20,"column":4},"end":{"line":22,"column":null}}]},"4":{"loc":{"start":{"line":25,"column":16},"end":{"line":27,"column":null}},"type":"if","locations":[{"start":{"line":25,"column":16},"end":{"line":27,"column":null}}]}},"s":{"0":5,"1":5,"2":5,"3":0,"4":0,"5":0,"6":0,"7":5,"8":1,"9":1,"10":1,"11":0,"12":0,"13":0,"14":0,"15":0,"16":5},"f":{"0":0,"1":1,"2":0},"b":{"0":[0],"1":[0,0],"2":[1,0],"3":[1],"4":[0]}}
,"/Users/mobiletechpeople/Desktop/Dossier_Ignace/PROJET_QUENTIN/WEBSERVICE/src/models/MligneOperation.ts": {"path":"/Users/mobiletechpeople/Desktop/Dossier_Ignace/PROJET_QUENTIN/WEBSERVICE/src/models/MligneOperation.ts","statementMap":{"0":{"start":{"line":1,"column":0},"end":{"line":1,"column":34}},"1":{"start":{"line":2,"column":0},"end":{"line":2,"column":53}},"2":{"start":{"line":28,"column":0},"end":{"line":57,"column":null}},"3":{"start":{"line":59,"column":2},"end":{"line":59,"column":33}}},"fnMap":{},"branchMap":{},"s":{"0":5,"1":5,"2":5,"3":5},"f":{},"b":{}}
,"/Users/mobiletechpeople/Desktop/Dossier_Ignace/PROJET_QUENTIN/WEBSERVICE/src/models/Mproduit.ts": {"path":"/Users/mobiletechpeople/Desktop/Dossier_Ignace/PROJET_QUENTIN/WEBSERVICE/src/models/Mproduit.ts","statementMap":{"0":{"start":{"line":1,"column":0},"end":{"line":1,"column":34}},"1":{"start":{"line":2,"column":0},"end":{"line":2,"column":53}},"2":{"start":{"line":24,"column":0},"end":{"line":45,"column":null}},"3":{"start":{"line":47,"column":2},"end":{"line":47,"column":26}}},"fnMap":{},"branchMap":{},"s":{"0":5,"1":5,"2":5,"3":5},"f":{},"b":{}}
,"/Users/mobiletechpeople/Desktop/Dossier_Ignace/PROJET_QUENTIN/WEBSERVICE/src/models/userModel.ts": {"path":"/Users/mobiletechpeople/Desktop/Dossier_Ignace/PROJET_QUENTIN/WEBSERVICE/src/models/userModel.ts","statementMap":{"0":{"start":{"line":2,"column":0},"end":{"line":2,"column":34}},"1":{"start":{"line":3,"column":0},"end":{"line":3,"column":53}},"2":{"start":{"line":35,"column":0},"end":{"line":74,"column":null}},"3":{"start":{"line":75,"column":2},"end":{"line":75,"column":22}}},"fnMap":{},"branchMap":{},"s":{"0":5,"1":5,"2":5,"3":5},"f":{},"b":{}}
,"/Users/mobiletechpeople/Desktop/Dossier_Ignace/PROJET_QUENTIN/WEBSERVICE/src/models/userProfilModel.ts": {"path":"/Users/mobiletechpeople/Desktop/Dossier_Ignace/PROJET_QUENTIN/WEBSERVICE/src/models/userProfilModel.ts","statementMap":{"0":{"start":{"line":1,"column":0},"end":{"line":1,"column":34}},"1":{"start":{"line":2,"column":0},"end":{"line":2,"column":53}},"2":{"start":{"line":25,"column":0},"end":{"line":42,"column":null}},"3":{"start":{"line":44,"column":2},"end":{"line":44,"column":null}}},"fnMap":{},"branchMap":{},"s":{"0":5,"1":5,"2":5,"3":5},"f":{},"b":{}}
,"/Users/mobiletechpeople/Desktop/Dossier_Ignace/PROJET_QUENTIN/WEBSERVICE/src/routes/routes.ts": {"path":"/Users/mobiletechpeople/Desktop/Dossier_Ignace/PROJET_QUENTIN/WEBSERVICE/src/routes/routes.ts","statementMap":{"0":{"start":{"line":1,"column":0},"end":{"line":1,"column":33}},"1":{"start":{"line":2,"column":0},"end":{"line":2,"column":81}},"2":{"start":{"line":3,"column":0},"end":{"line":3,"column":52}},"3":{"start":{"line":4,"column":0},"end":{"line":4,"column":75}},"4":{"start":{"line":5,"column":0},"end":{"line":5,"column":80}},"5":{"start":{"line":6,"column":0},"end":{"line":6,"column":102}},"6":{"start":{"line":9,"column":13},"end":{"line":9,"column":null}},"7":{"start":{"line":12,"column":0},"end":{"line":12,"column":47}},"8":{"start":{"line":14,"column":0},"end":{"line":14,"column":32}},"9":{"start":{"line":15,"column":0},"end":{"line":15,"column":33}},"10":{"start":{"line":16,"column":0},"end":{"line":16,"column":38}},"11":{"start":{"line":18,"column":0},"end":{"line":18,"column":37}},"12":{"start":{"line":19,"column":0},"end":{"line":19,"column":37}},"13":{"start":{"line":20,"column":0},"end":{"line":20,"column":42}},"14":{"start":{"line":22,"column":0},"end":{"line":22,"column":39}},"15":{"start":{"line":23,"column":0},"end":{"line":23,"column":39}},"16":{"start":{"line":24,"column":0},"end":{"line":24,"column":44}},"17":{"start":{"line":26,"column":0},"end":{"line":26,"column":53}},"18":{"start":{"line":27,"column":0},"end":{"line":27,"column":53}},"19":{"start":{"line":28,"column":0},"end":{"line":28,"column":59}},"20":{"start":{"line":32,"column":0},"end":{"line":32,"column":46}},"21":{"start":{"line":35,"column":0},"end":{"line":35,"column":47}}},"fnMap":{},"branchMap":{},"s":{"0":5,"1":5,"2":5,"3":5,"4":5,"5":5,"6":5,"7":5,"8":5,"9":5,"10":5,"11":5,"12":5,"13":5,"14":5,"15":5,"16":5,"17":5,"18":5,"19":5,"20":5,"21":5},"f":{},"b":{}}
,"/Users/mobiletechpeople/Desktop/Dossier_Ignace/PROJET_QUENTIN/WEBSERVICE/src/service/SligneOperation.ts": {"path":"/Users/mobiletechpeople/Desktop/Dossier_Ignace/PROJET_QUENTIN/WEBSERVICE/src/service/SligneOperation.ts","statementMap":{"0":{"start":{"line":2,"column":0},"end":{"line":2,"column":56}},"1":{"start":{"line":3,"column":0},"end":{"line":3,"column":69}},"2":{"start":{"line":6,"column":49},"end":{"line":20,"column":null}},"3":{"start":{"line":6,"column":72},"end":{"line":20,"column":null}},"4":{"start":{"line":7,"column":4},"end":{"line":19,"column":null}},"5":{"start":{"line":8,"column":10},"end":{"line":15,"column":null}},"6":{"start":{"line":10,"column":12},"end":{"line":14,"column":null}},"7":{"start":{"line":11,"column":16},"end":{"line":11,"column":81}},"8":{"start":{"line":13,"column":16},"end":{"line":13,"column":111}},"9":{"start":{"line":18,"column":8},"end":{"line":18,"column":56}},"10":{"start":{"line":6,"column":13},"end":{"line":6,"column":49}},"11":{"start":{"line":23,"column":49},"end":{"line":51,"column":null}},"12":{"start":{"line":23,"column":72},"end":{"line":51,"column":null}},"13":{"start":{"line":25,"column":61},"end":{"line":25,"column":69}},"14":{"start":{"line":27,"column":4},"end":{"line":29,"column":null}},"15":{"start":{"line":28,"column":8},"end":{"line":28,"column":96}},"16":{"start":{"line":31,"column":3},"end":{"line":50,"column":null}},"17":{"start":{"line":32,"column":10},"end":{"line":47,"column":null}},"18":{"start":{"line":34,"column":20},"end":{"line":46,"column":null}},"19":{"start":{"line":35,"column":24},"end":{"line":35,"column":107}},"20":{"start":{"line":38,"column":24},"end":{"line":45,"column":null}},"21":{"start":{"line":40,"column":32},"end":{"line":44,"column":null}},"22":{"start":{"line":41,"column":36},"end":{"line":41,"column":120}},"23":{"start":{"line":43,"column":36},"end":{"line":43,"column":128}},"24":{"start":{"line":49,"column":12},"end":{"line":49,"column":60}},"25":{"start":{"line":23,"column":13},"end":{"line":23,"column":49}},"26":{"start":{"line":54,"column":52},"end":{"line":81,"column":null}},"27":{"start":{"line":54,"column":108},"end":{"line":81,"column":null}},"28":{"start":{"line":56,"column":65},"end":{"line":56,"column":73}},"29":{"start":{"line":58,"column":4},"end":{"line":60,"column":null}},"30":{"start":{"line":59,"column":8},"end":{"line":59,"column":96}},"31":{"start":{"line":62,"column":3},"end":{"line":80,"column":null}},"32":{"start":{"line":63,"column":10},"end":{"line":77,"column":null}},"33":{"start":{"line":65,"column":20},"end":{"line":76,"column":null}},"34":{"start":{"line":66,"column":24},"end":{"line":73,"column":null}},"35":{"start":{"line":68,"column":40},"end":{"line":72,"column":null}},"36":{"start":{"line":69,"column":44},"end":{"line":69,"column":128}},"37":{"start":{"line":71,"column":44},"end":{"line":71,"column":136}},"38":{"start":{"line":75,"column":24},"end":{"line":75,"column":119}},"39":{"start":{"line":79,"column":12},"end":{"line":79,"column":60}},"40":{"start":{"line":54,"column":13},"end":{"line":54,"column":52}}},"fnMap":{"0":{"name":"(anonymous_8)","decl":{"start":{"line":6,"column":49},"end":{"line":6,"column":55}},"loc":{"start":{"line":6,"column":72},"end":{"line":20,"column":null}}},"1":{"name":"(anonymous_9)","decl":{"start":{"line":6,"column":72},"end":{"line":6,"column":null}},"loc":{"start":{"line":6,"column":72},"end":{"line":20,"column":1}}},"2":{"name":"(anonymous_10)","decl":{"start":{"line":9,"column":15},"end":{"line":9,"column":23}},"loc":{"start":{"line":9,"column":26},"end":{"line":15,"column":10}}},"3":{"name":"(anonymous_11)","decl":{"start":{"line":23,"column":49},"end":{"line":23,"column":55}},"loc":{"start":{"line":23,"column":72},"end":{"line":51,"column":null}}},"4":{"name":"(anonymous_12)","decl":{"start":{"line":23,"column":72},"end":{"line":23,"column":null}},"loc":{"start":{"line":23,"column":72},"end":{"line":51,"column":1}}},"5":{"name":"(anonymous_13)","decl":{"start":{"line":33,"column":22},"end":{"line":33,"column":28}},"loc":{"start":{"line":33,"column":31},"end":{"line":47,"column":17}}},"6":{"name":"(anonymous_14)","decl":{"start":{"line":39,"column":30},"end":{"line":39,"column":36}},"loc":{"start":{"line":39,"column":39},"end":{"line":45,"column":33}}},"7":{"name":"(anonymous_15)","decl":{"start":{"line":54,"column":52},"end":{"line":54,"column":58}},"loc":{"start":{"line":54,"column":108},"end":{"line":81,"column":null}}},"8":{"name":"(anonymous_16)","decl":{"start":{"line":54,"column":108},"end":{"line":54,"column":null}},"loc":{"start":{"line":54,"column":108},"end":{"line":81,"column":1}}},"9":{"name":"(anonymous_17)","decl":{"start":{"line":64,"column":22},"end":{"line":64,"column":28}},"loc":{"start":{"line":64,"column":31},"end":{"line":77,"column":17}}},"10":{"name":"(anonymous_18)","decl":{"start":{"line":67,"column":38},"end":{"line":67,"column":44}},"loc":{"start":{"line":67,"column":47},"end":{"line":73,"column":41}}}},"branchMap":{"0":{"loc":{"start":{"line":10,"column":12},"end":{"line":14,"column":null}},"type":"if","locations":[{"start":{"line":10,"column":12},"end":{"line":14,"column":null}},{"start":{"line":12,"column":18},"end":{"line":14,"column":null}}]},"1":{"loc":{"start":{"line":27,"column":4},"end":{"line":29,"column":null}},"type":"if","locations":[{"start":{"line":27,"column":4},"end":{"line":29,"column":null}}]},"2":{"loc":{"start":{"line":27,"column":7},"end":{"line":27,"column":46}},"type":"binary-expr","locations":[{"start":{"line":27,"column":7},"end":{"line":27,"column":12}},{"start":{"line":27,"column":16},"end":{"line":27,"column":24}},{"start":{"line":27,"column":28},"end":{"line":27,"column":34}},{"start":{"line":27,"column":38},"end":{"line":27,"column":46}}]},"3":{"loc":{"start":{"line":34,"column":20},"end":{"line":46,"column":null}},"type":"if","locations":[{"start":{"line":34,"column":20},"end":{"line":46,"column":null}},{"start":{"line":36,"column":25},"end":{"line":46,"column":null}}]},"4":{"loc":{"start":{"line":40,"column":32},"end":{"line":44,"column":null}},"type":"if","locations":[{"start":{"line":40,"column":32},"end":{"line":44,"column":null}},{"start":{"line":42,"column":37},"end":{"line":44,"column":null}}]},"5":{"loc":{"start":{"line":58,"column":4},"end":{"line":60,"column":null}},"type":"if","locations":[{"start":{"line":58,"column":4},"end":{"line":60,"column":null}}]},"6":{"loc":{"start":{"line":58,"column":7},"end":{"line":58,"column":51}},"type":"binary-expr","locations":[{"start":{"line":58,"column":7},"end":{"line":58,"column":10}},{"start":{"line":58,"column":14},"end":{"line":58,"column":19}},{"start":{"line":58,"column":22},"end":{"line":58,"column":30}},{"start":{"line":58,"column":34},"end":{"line":58,"column":40}},{"start":{"line":58,"column":43},"end":{"line":58,"column":51}}]},"7":{"loc":{"start":{"line":65,"column":20},"end":{"line":76,"column":null}},"type":"if","locations":[{"start":{"line":65,"column":20},"end":{"line":76,"column":null}},{"start":{"line":74,"column":25},"end":{"line":76,"column":null}}]},"8":{"loc":{"start":{"line":68,"column":40},"end":{"line":72,"column":null}},"type":"if","locations":[{"start":{"line":68,"column":40},"end":{"line":72,"column":null}},{"start":{"line":70,"column":45},"end":{"line":72,"column":null}}]}},"s":{"0":5,"1":5,"2":5,"3":2,"4":2,"5":2,"6":2,"7":2,"8":0,"9":0,"10":5,"11":5,"12":3,"13":3,"14":3,"15":1,"16":2,"17":2,"18":2,"19":2,"20":0,"21":0,"22":0,"23":0,"24":0,"25":5,"26":5,"27":3,"28":3,"29":3,"30":1,"31":2,"32":2,"33":2,"34":1,"35":1,"36":1,"37":0,"38":1,"39":0,"40":5},"f":{"0":2,"1":2,"2":2,"3":3,"4":3,"5":2,"6":0,"7":3,"8":3,"9":2,"10":1},"b":{"0":[2,0],"1":[1],"2":[3,2,2,2],"3":[2,0],"4":[0,0],"5":[1],"6":[3,2,2,2,2],"7":[1,1],"8":[1,0]}}
,"/Users/mobiletechpeople/Desktop/Dossier_Ignace/PROJET_QUENTIN/WEBSERVICE/src/service/Sproduit.ts": {"path":"/Users/mobiletechpeople/Desktop/Dossier_Ignace/PROJET_QUENTIN/WEBSERVICE/src/service/Sproduit.ts","statementMap":{"0":{"start":{"line":2,"column":0},"end":{"line":2,"column":56}},"1":{"start":{"line":3,"column":0},"end":{"line":3,"column":55}},"2":{"start":{"line":6,"column":42},"end":{"line":20,"column":null}},"3":{"start":{"line":6,"column":65},"end":{"line":20,"column":null}},"4":{"start":{"line":7,"column":4},"end":{"line":19,"column":null}},"5":{"start":{"line":8,"column":10},"end":{"line":15,"column":null}},"6":{"start":{"line":10,"column":12},"end":{"line":14,"column":null}},"7":{"start":{"line":11,"column":16},"end":{"line":11,"column":81}},"8":{"start":{"line":13,"column":16},"end":{"line":13,"column":111}},"9":{"start":{"line":18,"column":8},"end":{"line":18,"column":56}},"10":{"start":{"line":6,"column":13},"end":{"line":6,"column":42}},"11":{"start":{"line":23,"column":42},"end":{"line":51,"column":null}},"12":{"start":{"line":23,"column":65},"end":{"line":51,"column":null}},"13":{"start":{"line":25,"column":38},"end":{"line":25,"column":46}},"14":{"start":{"line":27,"column":4},"end":{"line":29,"column":null}},"15":{"start":{"line":28,"column":8},"end":{"line":28,"column":96}},"16":{"start":{"line":31,"column":3},"end":{"line":50,"column":null}},"17":{"start":{"line":32,"column":10},"end":{"line":47,"column":null}},"18":{"start":{"line":34,"column":20},"end":{"line":46,"column":null}},"19":{"start":{"line":35,"column":24},"end":{"line":35,"column":107}},"20":{"start":{"line":38,"column":24},"end":{"line":45,"column":null}},"21":{"start":{"line":40,"column":32},"end":{"line":44,"column":null}},"22":{"start":{"line":41,"column":36},"end":{"line":41,"column":120}},"23":{"start":{"line":43,"column":36},"end":{"line":43,"column":128}},"24":{"start":{"line":49,"column":12},"end":{"line":49,"column":60}},"25":{"start":{"line":23,"column":13},"end":{"line":23,"column":42}},"26":{"start":{"line":54,"column":45},"end":{"line":81,"column":null}},"27":{"start":{"line":54,"column":101},"end":{"line":81,"column":null}},"28":{"start":{"line":56,"column":42},"end":{"line":56,"column":50}},"29":{"start":{"line":58,"column":4},"end":{"line":60,"column":null}},"30":{"start":{"line":59,"column":8},"end":{"line":59,"column":96}},"31":{"start":{"line":62,"column":3},"end":{"line":80,"column":null}},"32":{"start":{"line":63,"column":10},"end":{"line":77,"column":null}},"33":{"start":{"line":65,"column":20},"end":{"line":76,"column":null}},"34":{"start":{"line":66,"column":24},"end":{"line":73,"column":null}},"35":{"start":{"line":68,"column":40},"end":{"line":72,"column":null}},"36":{"start":{"line":69,"column":44},"end":{"line":69,"column":128}},"37":{"start":{"line":71,"column":44},"end":{"line":71,"column":136}},"38":{"start":{"line":75,"column":24},"end":{"line":75,"column":119}},"39":{"start":{"line":79,"column":12},"end":{"line":79,"column":60}},"40":{"start":{"line":54,"column":13},"end":{"line":54,"column":45}}},"fnMap":{"0":{"name":"(anonymous_8)","decl":{"start":{"line":6,"column":42},"end":{"line":6,"column":48}},"loc":{"start":{"line":6,"column":65},"end":{"line":20,"column":null}}},"1":{"name":"(anonymous_9)","decl":{"start":{"line":6,"column":65},"end":{"line":6,"column":null}},"loc":{"start":{"line":6,"column":65},"end":{"line":20,"column":1}}},"2":{"name":"(anonymous_10)","decl":{"start":{"line":9,"column":15},"end":{"line":9,"column":23}},"loc":{"start":{"line":9,"column":26},"end":{"line":15,"column":10}}},"3":{"name":"(anonymous_11)","decl":{"start":{"line":23,"column":42},"end":{"line":23,"column":48}},"loc":{"start":{"line":23,"column":65},"end":{"line":51,"column":null}}},"4":{"name":"(anonymous_12)","decl":{"start":{"line":23,"column":65},"end":{"line":23,"column":null}},"loc":{"start":{"line":23,"column":65},"end":{"line":51,"column":1}}},"5":{"name":"(anonymous_13)","decl":{"start":{"line":33,"column":22},"end":{"line":33,"column":28}},"loc":{"start":{"line":33,"column":31},"end":{"line":47,"column":17}}},"6":{"name":"(anonymous_14)","decl":{"start":{"line":39,"column":30},"end":{"line":39,"column":36}},"loc":{"start":{"line":39,"column":39},"end":{"line":45,"column":33}}},"7":{"name":"(anonymous_15)","decl":{"start":{"line":54,"column":45},"end":{"line":54,"column":51}},"loc":{"start":{"line":54,"column":101},"end":{"line":81,"column":null}}},"8":{"name":"(anonymous_16)","decl":{"start":{"line":54,"column":101},"end":{"line":54,"column":null}},"loc":{"start":{"line":54,"column":101},"end":{"line":81,"column":1}}},"9":{"name":"(anonymous_17)","decl":{"start":{"line":64,"column":22},"end":{"line":64,"column":28}},"loc":{"start":{"line":64,"column":31},"end":{"line":77,"column":17}}},"10":{"name":"(anonymous_18)","decl":{"start":{"line":67,"column":38},"end":{"line":67,"column":44}},"loc":{"start":{"line":67,"column":47},"end":{"line":73,"column":41}}}},"branchMap":{"0":{"loc":{"start":{"line":10,"column":12},"end":{"line":14,"column":null}},"type":"if","locations":[{"start":{"line":10,"column":12},"end":{"line":14,"column":null}},{"start":{"line":12,"column":18},"end":{"line":14,"column":null}}]},"1":{"loc":{"start":{"line":27,"column":4},"end":{"line":29,"column":null}},"type":"if","locations":[{"start":{"line":27,"column":4},"end":{"line":29,"column":null}}]},"2":{"loc":{"start":{"line":27,"column":7},"end":{"line":27,"column":24}},"type":"binary-expr","locations":[{"start":{"line":27,"column":7},"end":{"line":27,"column":12}},{"start":{"line":27,"column":16},"end":{"line":27,"column":24}}]},"3":{"loc":{"start":{"line":34,"column":20},"end":{"line":46,"column":null}},"type":"if","locations":[{"start":{"line":34,"column":20},"end":{"line":46,"column":null}},{"start":{"line":36,"column":25},"end":{"line":46,"column":null}}]},"4":{"loc":{"start":{"line":40,"column":32},"end":{"line":44,"column":null}},"type":"if","locations":[{"start":{"line":40,"column":32},"end":{"line":44,"column":null}},{"start":{"line":42,"column":37},"end":{"line":44,"column":null}}]},"5":{"loc":{"start":{"line":58,"column":4},"end":{"line":60,"column":null}},"type":"if","locations":[{"start":{"line":58,"column":4},"end":{"line":60,"column":null}}]},"6":{"loc":{"start":{"line":58,"column":7},"end":{"line":58,"column":30}},"type":"binary-expr","locations":[{"start":{"line":58,"column":7},"end":{"line":58,"column":10}},{"start":{"line":58,"column":14},"end":{"line":58,"column":19}},{"start":{"line":58,"column":22},"end":{"line":58,"column":30}}]},"7":{"loc":{"start":{"line":65,"column":20},"end":{"line":76,"column":null}},"type":"if","locations":[{"start":{"line":65,"column":20},"end":{"line":76,"column":null}},{"start":{"line":74,"column":25},"end":{"line":76,"column":null}}]},"8":{"loc":{"start":{"line":68,"column":40},"end":{"line":72,"column":null}},"type":"if","locations":[{"start":{"line":68,"column":40},"end":{"line":72,"column":null}},{"start":{"line":70,"column":45},"end":{"line":72,"column":null}}]}},"s":{"0":5,"1":5,"2":5,"3":2,"4":2,"5":2,"6":2,"7":2,"8":0,"9":0,"10":5,"11":5,"12":3,"13":3,"14":3,"15":1,"16":2,"17":2,"18":2,"19":2,"20":0,"21":0,"22":0,"23":0,"24":0,"25":5,"26":5,"27":3,"28":3,"29":3,"30":1,"31":2,"32":2,"33":2,"34":1,"35":1,"36":1,"37":0,"38":1,"39":0,"40":5},"f":{"0":2,"1":2,"2":2,"3":3,"4":3,"5":2,"6":0,"7":3,"8":3,"9":2,"10":1},"b":{"0":[2,0],"1":[1],"2":[3,2],"3":[2,0],"4":[0,0],"5":[1],"6":[3,2,2],"7":[1,1],"8":[1,0]}}
,"/Users/mobiletechpeople/Desktop/Dossier_Ignace/PROJET_QUENTIN/WEBSERVICE/src/service/userProfilService.ts": {"path":"/Users/mobiletechpeople/Desktop/Dossier_Ignace/PROJET_QUENTIN/WEBSERVICE/src/service/userProfilService.ts","statementMap":{"0":{"start":{"line":2,"column":0},"end":{"line":2,"column":59}},"1":{"start":{"line":3,"column":0},"end":{"line":3,"column":56}},"2":{"start":{"line":6,"column":41},"end":{"line":19,"column":null}},"3":{"start":{"line":6,"column":64},"end":{"line":19,"column":null}},"4":{"start":{"line":7,"column":4},"end":{"line":18,"column":null}},"5":{"start":{"line":8,"column":10},"end":{"line":15,"column":null}},"6":{"start":{"line":10,"column":16},"end":{"line":14,"column":null}},"7":{"start":{"line":11,"column":20},"end":{"line":11,"column":85}},"8":{"start":{"line":13,"column":20},"end":{"line":13,"column":115}},"9":{"start":{"line":17,"column":8},"end":{"line":17,"column":56}},"10":{"start":{"line":6,"column":13},"end":{"line":6,"column":41}},"11":{"start":{"line":22,"column":41},"end":{"line":56,"column":null}},"12":{"start":{"line":22,"column":64},"end":{"line":56,"column":null}},"13":{"start":{"line":24,"column":31},"end":{"line":24,"column":39}},"14":{"start":{"line":26,"column":4},"end":{"line":28,"column":null}},"15":{"start":{"line":27,"column":8},"end":{"line":27,"column":96}},"16":{"start":{"line":30,"column":3},"end":{"line":55,"column":null}},"17":{"start":{"line":32,"column":4},"end":{"line":49,"column":null}},"18":{"start":{"line":34,"column":8},"end":{"line":45,"column":null}},"19":{"start":{"line":35,"column":12},"end":{"line":35,"column":96}},"20":{"start":{"line":37,"column":12},"end":{"line":44,"column":null}},"21":{"start":{"line":39,"column":16},"end":{"line":43,"column":null}},"22":{"start":{"line":40,"column":20},"end":{"line":40,"column":104}},"23":{"start":{"line":42,"column":20},"end":{"line":42,"column":112}},"24":{"start":{"line":48,"column":8},"end":{"line":48,"column":56}},"25":{"start":{"line":54,"column":4},"end":{"line":54,"column":52}},"26":{"start":{"line":22,"column":13},"end":{"line":22,"column":41}},"27":{"start":{"line":59,"column":44},"end":{"line":86,"column":null}},"28":{"start":{"line":59,"column":100},"end":{"line":86,"column":null}},"29":{"start":{"line":61,"column":35},"end":{"line":61,"column":43}},"30":{"start":{"line":63,"column":4},"end":{"line":65,"column":null}},"31":{"start":{"line":64,"column":8},"end":{"line":64,"column":96}},"32":{"start":{"line":67,"column":3},"end":{"line":85,"column":null}},"33":{"start":{"line":68,"column":10},"end":{"line":82,"column":null}},"34":{"start":{"line":70,"column":20},"end":{"line":81,"column":null}},"35":{"start":{"line":71,"column":24},"end":{"line":78,"column":null}},"36":{"start":{"line":73,"column":40},"end":{"line":77,"column":null}},"37":{"start":{"line":74,"column":44},"end":{"line":74,"column":128}},"38":{"start":{"line":76,"column":44},"end":{"line":76,"column":136}},"39":{"start":{"line":80,"column":24},"end":{"line":80,"column":119}},"40":{"start":{"line":84,"column":12},"end":{"line":84,"column":60}},"41":{"start":{"line":59,"column":13},"end":{"line":59,"column":44}}},"fnMap":{"0":{"name":"(anonymous_8)","decl":{"start":{"line":6,"column":41},"end":{"line":6,"column":47}},"loc":{"start":{"line":6,"column":64},"end":{"line":19,"column":null}}},"1":{"name":"(anonymous_9)","decl":{"start":{"line":6,"column":64},"end":{"line":6,"column":null}},"loc":{"start":{"line":6,"column":64},"end":{"line":19,"column":1}}},"2":{"name":"(anonymous_10)","decl":{"start":{"line":9,"column":16},"end":{"line":9,"column":24}},"loc":{"start":{"line":9,"column":27},"end":{"line":15,"column":11}}},"3":{"name":"(anonymous_11)","decl":{"start":{"line":22,"column":41},"end":{"line":22,"column":47}},"loc":{"start":{"line":22,"column":64},"end":{"line":56,"column":null}}},"4":{"name":"(anonymous_12)","decl":{"start":{"line":22,"column":64},"end":{"line":22,"column":null}},"loc":{"start":{"line":22,"column":64},"end":{"line":56,"column":1}}},"5":{"name":"(anonymous_13)","decl":{"start":{"line":33,"column":10},"end":{"line":33,"column":18}},"loc":{"start":{"line":33,"column":21},"end":{"line":46,"column":5}}},"6":{"name":"(anonymous_14)","decl":{"start":{"line":38,"column":18},"end":{"line":38,"column":24}},"loc":{"start":{"line":38,"column":27},"end":{"line":44,"column":13}}},"7":{"name":"(anonymous_15)","decl":{"start":{"line":47,"column":11},"end":{"line":47,"column":16}},"loc":{"start":{"line":47,"column":18},"end":{"line":49,"column":5}}},"8":{"name":"(anonymous_16)","decl":{"start":{"line":59,"column":44},"end":{"line":59,"column":50}},"loc":{"start":{"line":59,"column":100},"end":{"line":86,"column":null}}},"9":{"name":"(anonymous_17)","decl":{"start":{"line":59,"column":100},"end":{"line":59,"column":null}},"loc":{"start":{"line":59,"column":100},"end":{"line":86,"column":1}}},"10":{"name":"(anonymous_18)","decl":{"start":{"line":69,"column":22},"end":{"line":69,"column":28}},"loc":{"start":{"line":69,"column":31},"end":{"line":82,"column":17}}},"11":{"name":"(anonymous_19)","decl":{"start":{"line":72,"column":38},"end":{"line":72,"column":44}},"loc":{"start":{"line":72,"column":47},"end":{"line":78,"column":41}}}},"branchMap":{"0":{"loc":{"start":{"line":10,"column":16},"end":{"line":14,"column":null}},"type":"if","locations":[{"start":{"line":10,"column":16},"end":{"line":14,"column":null}},{"start":{"line":12,"column":21},"end":{"line":14,"column":null}}]},"1":{"loc":{"start":{"line":26,"column":4},"end":{"line":28,"column":null}},"type":"if","locations":[{"start":{"line":26,"column":4},"end":{"line":28,"column":null}}]},"2":{"loc":{"start":{"line":34,"column":8},"end":{"line":45,"column":null}},"type":"if","locations":[{"start":{"line":34,"column":8},"end":{"line":45,"column":null}},{"start":{"line":36,"column":13},"end":{"line":45,"column":null}}]},"3":{"loc":{"start":{"line":39,"column":16},"end":{"line":43,"column":null}},"type":"if","locations":[{"start":{"line":39,"column":16},"end":{"line":43,"column":null}},{"start":{"line":41,"column":22},"end":{"line":43,"column":null}}]},"4":{"loc":{"start":{"line":63,"column":4},"end":{"line":65,"column":null}},"type":"if","locations":[{"start":{"line":63,"column":4},"end":{"line":65,"column":null}}]},"5":{"loc":{"start":{"line":63,"column":7},"end":{"line":63,"column":22}},"type":"binary-expr","locations":[{"start":{"line":63,"column":7},"end":{"line":63,"column":10}},{"start":{"line":63,"column":14},"end":{"line":63,"column":22}}]},"6":{"loc":{"start":{"line":70,"column":20},"end":{"line":81,"column":null}},"type":"if","locations":[{"start":{"line":70,"column":20},"end":{"line":81,"column":null}},{"start":{"line":79,"column":25},"end":{"line":81,"column":null}}]},"7":{"loc":{"start":{"line":73,"column":40},"end":{"line":77,"column":null}},"type":"if","locations":[{"start":{"line":73,"column":40},"end":{"line":77,"column":null}},{"start":{"line":75,"column":45},"end":{"line":77,"column":null}}]}},"s":{"0":5,"1":5,"2":5,"3":2,"4":2,"5":2,"6":2,"7":2,"8":0,"9":0,"10":5,"11":5,"12":3,"13":3,"14":3,"15":1,"16":2,"17":2,"18":2,"19":2,"20":0,"21":0,"22":0,"23":0,"24":0,"25":0,"26":5,"27":5,"28":3,"29":3,"30":3,"31":1,"32":2,"33":2,"34":2,"35":1,"36":1,"37":1,"38":0,"39":1,"40":0,"41":5},"f":{"0":2,"1":2,"2":2,"3":3,"4":3,"5":2,"6":0,"7":0,"8":3,"9":3,"10":2,"11":1},"b":{"0":[2,0],"1":[1],"2":[2,0],"3":[0,0],"4":[1],"5":[3,2],"6":[1,1],"7":[1,0]}}
,"/Users/mobiletechpeople/Desktop/Dossier_Ignace/PROJET_QUENTIN/WEBSERVICE/src/service/userService.ts": {"path":"/Users/mobiletechpeople/Desktop/Dossier_Ignace/PROJET_QUENTIN/WEBSERVICE/src/service/userService.ts","statementMap":{"0":{"start":{"line":1,"column":0},"end":{"line":1,"column":28}},"1":{"start":{"line":2,"column":0},"end":{"line":2,"column":30}},"2":{"start":{"line":4,"column":0},"end":{"line":4,"column":56}},"3":{"start":{"line":5,"column":0},"end":{"line":5,"column":53}},"4":{"start":{"line":6,"column":0},"end":{"line":6,"column":50}},"5":{"start":{"line":10,"column":38},"end":{"line":24,"column":null}},"6":{"start":{"line":10,"column":94},"end":{"line":24,"column":null}},"7":{"start":{"line":11,"column":4},"end":{"line":23,"column":null}},"8":{"start":{"line":12,"column":10},"end":{"line":19,"column":null}},"9":{"start":{"line":14,"column":12},"end":{"line":18,"column":null}},"10":{"start":{"line":15,"column":16},"end":{"line":15,"column":81}},"11":{"start":{"line":17,"column":16},"end":{"line":17,"column":111}},"12":{"start":{"line":22,"column":8},"end":{"line":22,"column":56}},"13":{"start":{"line":10,"column":13},"end":{"line":10,"column":38}},"14":{"start":{"line":27,"column":39},"end":{"line":59,"column":null}},"15":{"start":{"line":27,"column":95},"end":{"line":59,"column":null}},"16":{"start":{"line":29,"column":72},"end":{"line":29,"column":80}},"17":{"start":{"line":31,"column":4},"end":{"line":33,"column":null}},"18":{"start":{"line":32,"column":8},"end":{"line":32,"column":96}},"19":{"start":{"line":35,"column":3},"end":{"line":58,"column":null}},"20":{"start":{"line":36,"column":10},"end":{"line":55,"column":null}},"21":{"start":{"line":38,"column":20},"end":{"line":54,"column":null}},"22":{"start":{"line":39,"column":24},"end":{"line":39,"column":107}},"23":{"start":{"line":41,"column":24},"end":{"line":53,"column":null}},"24":{"start":{"line":42,"column":28},"end":{"line":42,"column":54}},"25":{"start":{"line":43,"column":28},"end":{"line":50,"column":null}},"26":{"start":{"line":45,"column":40},"end":{"line":49,"column":null}},"27":{"start":{"line":46,"column":44},"end":{"line":46,"column":128}},"28":{"start":{"line":48,"column":44},"end":{"line":48,"column":136}},"29":{"start":{"line":52,"column":36},"end":{"line":52,"column":128}},"30":{"start":{"line":57,"column":12},"end":{"line":57,"column":60}},"31":{"start":{"line":27,"column":13},"end":{"line":27,"column":39}},"32":{"start":{"line":62,"column":42},"end":{"line":89,"column":null}},"33":{"start":{"line":62,"column":98},"end":{"line":89,"column":null}},"34":{"start":{"line":64,"column":65},"end":{"line":64,"column":73}},"35":{"start":{"line":66,"column":4},"end":{"line":68,"column":null}},"36":{"start":{"line":67,"column":8},"end":{"line":67,"column":96}},"37":{"start":{"line":70,"column":3},"end":{"line":88,"column":null}},"38":{"start":{"line":71,"column":10},"end":{"line":85,"column":null}},"39":{"start":{"line":73,"column":20},"end":{"line":84,"column":null}},"40":{"start":{"line":74,"column":24},"end":{"line":81,"column":null}},"41":{"start":{"line":76,"column":40},"end":{"line":80,"column":null}},"42":{"start":{"line":77,"column":44},"end":{"line":77,"column":128}},"43":{"start":{"line":79,"column":44},"end":{"line":79,"column":136}},"44":{"start":{"line":83,"column":24},"end":{"line":83,"column":119}},"45":{"start":{"line":87,"column":12},"end":{"line":87,"column":60}},"46":{"start":{"line":62,"column":13},"end":{"line":62,"column":42}},"47":{"start":{"line":92,"column":44},"end":{"line":134,"column":null}},"48":{"start":{"line":92,"column":100},"end":{"line":134,"column":null}},"49":{"start":{"line":94,"column":30},"end":{"line":94,"column":38}},"50":{"start":{"line":96,"column":4},"end":{"line":98,"column":null}},"51":{"start":{"line":97,"column":8},"end":{"line":97,"column":96}},"52":{"start":{"line":100,"column":4},"end":{"line":132,"column":null}},"53":{"start":{"line":101,"column":7},"end":{"line":129,"column":null}},"54":{"start":{"line":103,"column":12},"end":{"line":128,"column":null}},"55":{"start":{"line":104,"column":16},"end":{"line":125,"column":null}},"56":{"start":{"line":106,"column":20},"end":{"line":122,"column":null}},"57":{"start":{"line":108,"column":24},"end":{"line":119,"column":null}},"58":{"start":{"line":109,"column":42},"end":{"line":117,"column":93}},"59":{"start":{"line":118,"column":28},"end":{"line":118,"column":90}},"60":{"start":{"line":121,"column":24},"end":{"line":121,"column":95}},"61":{"start":{"line":124,"column":20},"end":{"line":124,"column":91}},"62":{"start":{"line":127,"column":16},"end":{"line":127,"column":111}},"63":{"start":{"line":131,"column":8},"end":{"line":131,"column":56}},"64":{"start":{"line":92,"column":13},"end":{"line":92,"column":44}},"65":{"start":{"line":136,"column":18},"end":{"line":138,"column":1}},"66":{"start":{"line":137,"column":4},"end":{"line":137,"column":null}},"67":{"start":{"line":140,"column":22},"end":{"line":142,"column":1}},"68":{"start":{"line":141,"column":4},"end":{"line":141,"column":47}}},"fnMap":{"0":{"name":"(anonymous_8)","decl":{"start":{"line":10,"column":38},"end":{"line":10,"column":44}},"loc":{"start":{"line":10,"column":94},"end":{"line":24,"column":null}}},"1":{"name":"(anonymous_9)","decl":{"start":{"line":10,"column":94},"end":{"line":10,"column":null}},"loc":{"start":{"line":10,"column":94},"end":{"line":24,"column":1}}},"2":{"name":"(anonymous_10)","decl":{"start":{"line":13,"column":15},"end":{"line":13,"column":23}},"loc":{"start":{"line":13,"column":26},"end":{"line":19,"column":10}}},"3":{"name":"(anonymous_11)","decl":{"start":{"line":27,"column":39},"end":{"line":27,"column":45}},"loc":{"start":{"line":27,"column":95},"end":{"line":59,"column":null}}},"4":{"name":"(anonymous_12)","decl":{"start":{"line":27,"column":95},"end":{"line":27,"column":null}},"loc":{"start":{"line":27,"column":95},"end":{"line":59,"column":1}}},"5":{"name":"(anonymous_13)","decl":{"start":{"line":37,"column":22},"end":{"line":37,"column":28}},"loc":{"start":{"line":37,"column":31},"end":{"line":55,"column":17}}},"6":{"name":"(anonymous_14)","decl":{"start":{"line":41,"column":49},"end":{"line":41,"column":53}},"loc":{"start":{"line":41,"column":55},"end":{"line":51,"column":33}}},"7":{"name":"(anonymous_15)","decl":{"start":{"line":44,"column":38},"end":{"line":44,"column":44}},"loc":{"start":{"line":44,"column":47},"end":{"line":50,"column":41}}},"8":{"name":"(anonymous_16)","decl":{"start":{"line":51,"column":41},"end":{"line":51,"column":46}},"loc":{"start":{"line":51,"column":48},"end":{"line":53,"column":33}}},"9":{"name":"(anonymous_17)","decl":{"start":{"line":62,"column":42},"end":{"line":62,"column":48}},"loc":{"start":{"line":62,"column":98},"end":{"line":89,"column":null}}},"10":{"name":"(anonymous_18)","decl":{"start":{"line":62,"column":98},"end":{"line":62,"column":null}},"loc":{"start":{"line":62,"column":98},"end":{"line":89,"column":1}}},"11":{"name":"(anonymous_19)","decl":{"start":{"line":72,"column":22},"end":{"line":72,"column":28}},"loc":{"start":{"line":72,"column":31},"end":{"line":85,"column":17}}},"12":{"name":"(anonymous_20)","decl":{"start":{"line":75,"column":38},"end":{"line":75,"column":44}},"loc":{"start":{"line":75,"column":47},"end":{"line":81,"column":41}}},"13":{"name":"(anonymous_21)","decl":{"start":{"line":92,"column":44},"end":{"line":92,"column":50}},"loc":{"start":{"line":92,"column":100},"end":{"line":134,"column":null}}},"14":{"name":"(anonymous_22)","decl":{"start":{"line":92,"column":100},"end":{"line":92,"column":null}},"loc":{"start":{"line":92,"column":100},"end":{"line":134,"column":1}}},"15":{"name":"(anonymous_23)","decl":{"start":{"line":102,"column":14},"end":{"line":102,"column":22}},"loc":{"start":{"line":102,"column":24},"end":{"line":129,"column":9}}},"16":{"name":"(anonymous_24)","decl":{"start":{"line":105,"column":22},"end":{"line":105,"column":28}},"loc":{"start":{"line":105,"column":30},"end":{"line":123,"column":17}}},"17":{"name":"(anonymous_25)","decl":{"start":{"line":107,"column":26},"end":{"line":107,"column":33}},"loc":{"start":{"line":107,"column":35},"end":{"line":120,"column":21}}},"18":{"name":"(anonymous_26)","decl":{"start":{"line":120,"column":29},"end":{"line":120,"column":34}},"loc":{"start":{"line":120,"column":36},"end":{"line":122,"column":21}}},"19":{"name":"(anonymous_27)","decl":{"start":{"line":123,"column":25},"end":{"line":123,"column":30}},"loc":{"start":{"line":123,"column":32},"end":{"line":125,"column":17}}},"20":{"name":"(anonymous_28)","decl":{"start":{"line":136,"column":18},"end":{"line":136,"column":19}},"loc":{"start":{"line":136,"column":53},"end":{"line":138,"column":1}}},"21":{"name":"(anonymous_29)","decl":{"start":{"line":140,"column":22},"end":{"line":140,"column":23}},"loc":{"start":{"line":140,"column":79},"end":{"line":142,"column":1}}}},"branchMap":{"0":{"loc":{"start":{"line":14,"column":12},"end":{"line":18,"column":null}},"type":"if","locations":[{"start":{"line":14,"column":12},"end":{"line":18,"column":null}},{"start":{"line":16,"column":18},"end":{"line":18,"column":null}}]},"1":{"loc":{"start":{"line":31,"column":4},"end":{"line":33,"column":null}},"type":"if","locations":[{"start":{"line":31,"column":4},"end":{"line":33,"column":null}}]},"2":{"loc":{"start":{"line":31,"column":7},"end":{"line":31,"column":74}},"type":"binary-expr","locations":[{"start":{"line":31,"column":7},"end":{"line":31,"column":17}},{"start":{"line":31,"column":21},"end":{"line":31,"column":30}},{"start":{"line":31,"column":34},"end":{"line":31,"column":40}},{"start":{"line":31,"column":44},"end":{"line":31,"column":53}},{"start":{"line":31,"column":57},"end":{"line":31,"column":63}},{"start":{"line":31,"column":67},"end":{"line":31,"column":74}}]},"3":{"loc":{"start":{"line":38,"column":20},"end":{"line":54,"column":null}},"type":"if","locations":[{"start":{"line":38,"column":20},"end":{"line":54,"column":null}},{"start":{"line":40,"column":25},"end":{"line":54,"column":null}}]},"4":{"loc":{"start":{"line":45,"column":40},"end":{"line":49,"column":null}},"type":"if","locations":[{"start":{"line":45,"column":40},"end":{"line":49,"column":null}},{"start":{"line":47,"column":45},"end":{"line":49,"column":null}}]},"5":{"loc":{"start":{"line":66,"column":4},"end":{"line":68,"column":null}},"type":"if","locations":[{"start":{"line":66,"column":4},"end":{"line":68,"column":null}}]},"6":{"loc":{"start":{"line":66,"column":7},"end":{"line":66,"column":68}},"type":"binary-expr","locations":[{"start":{"line":66,"column":7},"end":{"line":66,"column":10}},{"start":{"line":66,"column":14},"end":{"line":66,"column":24}},{"start":{"line":66,"column":28},"end":{"line":66,"column":37}},{"start":{"line":66,"column":41},"end":{"line":66,"column":47}},{"start":{"line":66,"column":51},"end":{"line":66,"column":57}},{"start":{"line":66,"column":61},"end":{"line":66,"column":68}}]},"7":{"loc":{"start":{"line":73,"column":20},"end":{"line":84,"column":null}},"type":"if","locations":[{"start":{"line":73,"column":20},"end":{"line":84,"column":null}},{"start":{"line":82,"column":25},"end":{"line":84,"column":null}}]},"8":{"loc":{"start":{"line":76,"column":40},"end":{"line":80,"column":null}},"type":"if","locations":[{"start":{"line":76,"column":40},"end":{"line":80,"column":null}},{"start":{"line":78,"column":45},"end":{"line":80,"column":null}}]},"9":{"loc":{"start":{"line":96,"column":4},"end":{"line":98,"column":null}},"type":"if","locations":[{"start":{"line":96,"column":4},"end":{"line":98,"column":null}}]},"10":{"loc":{"start":{"line":96,"column":8},"end":{"line":96,"column":27}},"type":"binary-expr","locations":[{"start":{"line":96,"column":8},"end":{"line":96,"column":14}},{"start":{"line":96,"column":18},"end":{"line":96,"column":27}}]},"11":{"loc":{"start":{"line":103,"column":12},"end":{"line":128,"column":null}},"type":"if","locations":[{"start":{"line":103,"column":12},"end":{"line":128,"column":null}},{"start":{"line":126,"column":17},"end":{"line":128,"column":null}}]},"12":{"loc":{"start":{"line":108,"column":24},"end":{"line":119,"column":null}},"type":"if","locations":[{"start":{"line":108,"column":24},"end":{"line":119,"column":null}}]}},"s":{"0":5,"1":5,"2":5,"3":5,"4":5,"5":5,"6":2,"7":2,"8":2,"9":2,"10":2,"11":0,"12":0,"13":5,"14":5,"15":3,"16":3,"17":3,"18":1,"19":2,"20":2,"21":2,"22":2,"23":0,"24":0,"25":0,"26":0,"27":0,"28":0,"29":0,"30":0,"31":5,"32":5,"33":3,"34":3,"35":3,"36":1,"37":2,"38":2,"39":2,"40":1,"41":1,"42":1,"43":0,"44":1,"45":0,"46":5,"47":5,"48":3,"49":3,"50":3,"51":1,"52":2,"53":2,"54":2,"55":1,"56":1,"57":1,"58":1,"59":1,"60":0,"61":0,"62":1,"63":0,"64":5,"65":5,"66":1,"67":5,"68":1},"f":{"0":2,"1":2,"2":2,"3":3,"4":3,"5":2,"6":0,"7":0,"8":0,"9":3,"10":3,"11":2,"12":1,"13":3,"14":3,"15":2,"16":1,"17":1,"18":0,"19":0,"20":1,"21":1},"b":{"0":[2,0],"1":[1],"2":[3,2,2,2,2,2],"3":[2,0],"4":[0,0],"5":[1],"6":[3,2,2,2,2,2],"7":[1,1],"8":[1,0],"9":[1],"10":[3,2],"11":[1,1],"12":[1]}}
}
