{"/Users/mobiletechpeople/Desktop/Dossier_Ignace/PROJET_QUENTIN/WEBSERVICE/src/index.ts": {"path":"/Users/mobiletechpeople/Desktop/Dossier_Ignace/PROJET_QUENTIN/WEBSERVICE/src/index.ts","statementMap":{"0":{"start":{"line":2,"column":0},"end":{"line":2,"column":40}},"1":{"start":{"line":3,"column":0},"end":{"line":3,"column":47}},"2":{"start":{"line":4,"column":0},"end":{"line":4,"column":33}},"3":{"start":{"line":7,"column":0},"end":{"line":9,"column":63}},"4":{"start":{"line":8,"column":12},"end":{"line":8,"column":72}},"5":{"start":{"line":9,"column":14},"end":{"line":9,"column":61}},"6":{"start":{"line":12,"column":0},"end":{"line":16,"column":null}},"7":{"start":{"line":13,"column":4},"end":{"line":13,"column":113}},"8":{"start":{"line":13,"column":36},"end":{"line":13,"column":111}},"9":{"start":{"line":15,"column":4},"end":{"line":15,"column":44}}},"fnMap":{"0":{"name":"(anonymous_1)","decl":{"start":{"line":8,"column":6},"end":{"line":8,"column":8}},"loc":{"start":{"line":8,"column":10},"end":{"line":8,"column":73}}},"1":{"name":"(anonymous_2)","decl":{"start":{"line":9,"column":7},"end":{"line":9,"column":10}},"loc":{"start":{"line":9,"column":14},"end":{"line":9,"column":61}}},"2":{"name":"(anonymous_3)","decl":{"start":{"line":13,"column":31},"end":{"line":13,"column":33}},"loc":{"start":{"line":13,"column":36},"end":{"line":13,"column":111}}}},"branchMap":{},"s":{"0":0,"1":0,"2":0,"3":0,"4":0,"5":0,"6":0,"7":0,"8":0,"9":0},"f":{"0":0,"1":0,"2":0},"b":{}}
,"/Users/mobiletechpeople/Desktop/Dossier_Ignace/PROJET_QUENTIN/WEBSERVICE/src/bd/cnx.ts": {"path":"/Users/mobiletechpeople/Desktop/Dossier_Ignace/PROJET_QUENTIN/WEBSERVICE/src/bd/cnx.ts","statementMap":{"0":{"start":{"line":3,"column":0},"end":{"line":3,"column":46}},"1":{"start":{"line":4,"column":0},"end":{"line":4,"column":40}},"2":{"start":{"line":6,"column":19},"end":{"line":6,"column":45}},"3":{"start":{"line":7,"column":19},"end":{"line":7,"column":49}},"4":{"start":{"line":8,"column":19},"end":{"line":8,"column":39}},"5":{"start":{"line":9,"column":19},"end":{"line":9,"column":39}},"6":{"start":{"line":10,"column":19},"end":{"line":10,"column":48}},"7":{"start":{"line":11,"column":19},"end":{"line":11,"column":35}},"8":{"start":{"line":13,"column":18},"end":{"line":23,"column":2}},"9":{"start":{"line":25,"column":0},"end":{"line":29,"column":7}},"10":{"start":{"line":25,"column":12},"end":{"line":29,"column":4}},"11":{"start":{"line":26,"column":4},"end":{"line":28,"column":78}},"12":{"start":{"line":27,"column":32},"end":{"line":27,"column":86}},"13":{"start":{"line":28,"column":33},"end":{"line":28,"column":76}},"14":{"start":{"line":31,"column":0},"end":{"line":31,"column":25}}},"fnMap":{"0":{"name":"(anonymous_8)","decl":{"start":{"line":25,"column":1},"end":{"line":25,"column":10}},"loc":{"start":{"line":25,"column":12},"end":{"line":29,"column":4}}},"1":{"name":"(anonymous_9)","decl":{"start":{"line":25,"column":12},"end":{"line":25,"column":null}},"loc":{"start":{"line":25,"column":12},"end":{"line":29,"column":3}}},"2":{"name":"(anonymous_10)","decl":{"start":{"line":27,"column":25},"end":{"line":27,"column":28}},"loc":{"start":{"line":27,"column":32},"end":{"line":27,"column":86}}},"3":{"name":"(anonymous_11)","decl":{"start":{"line":28,"column":26},"end":{"line":28,"column":29}},"loc":{"start":{"line":28,"column":33},"end":{"line":28,"column":76}}}},"branchMap":{"0":{"loc":{"start":{"line":16,"column":13},"end":{"line":16,"column":35}},"type":"binary-expr","locations":[{"start":{"line":16,"column":13},"end":{"line":16,"column":27}},{"start":{"line":16,"column":31},"end":{"line":16,"column":35}}]}},"s":{"0":4,"1":4,"2":4,"3":4,"4":4,"5":4,"6":4,"7":4,"8":4,"9":4,"10":4,"11":4,"12":4,"13":0,"14":4},"f":{"0":4,"1":4,"2":4,"3":0},"b":{"0":[4,0]}}
,"/Users/mobiletechpeople/Desktop/Dossier_Ignace/PROJET_QUENTIN/WEBSERVICE/src/common/params.ts": {"path":"/Users/mobiletechpeople/Desktop/Dossier_Ignace/PROJET_QUENTIN/WEBSERVICE/src/common/params.ts","statementMap":{"0":{"start":{"line":1,"column":0},"end":{"line":1,"column":28}},"1":{"start":{"line":2,"column":0},"end":{"line":2,"column":16}},"2":{"start":{"line":4,"column":24},"end":{"line":13,"column":null}},"3":{"start":{"line":15,"column":0},"end":{"line":15,"column":null}}},"fnMap":{},"branchMap":{},"s":{"0":4,"1":4,"2":4,"3":4},"f":{},"b":{}}
,"/Users/mobiletechpeople/Desktop/Dossier_Ignace/PROJET_QUENTIN/WEBSERVICE/src/common/retourParams.ts": {"path":"/Users/mobiletechpeople/Desktop/Dossier_Ignace/PROJET_QUENTIN/WEBSERVICE/src/common/retourParams.ts","statementMap":{"0":{"start":{"line":2,"column":13},"end":{"line":28,"column":null}}},"fnMap":{},"branchMap":{},"s":{"0":4},"f":{},"b":{}}
,"/Users/mobiletechpeople/Desktop/Dossier_Ignace/PROJET_QUENTIN/WEBSERVICE/src/common/serveurParams.ts": {"path":"/Users/mobiletechpeople/Desktop/Dossier_Ignace/PROJET_QUENTIN/WEBSERVICE/src/common/serveurParams.ts","statementMap":{"0":{"start":{"line":2,"column":0},"end":{"line":2,"column":41}},"1":{"start":{"line":3,"column":0},"end":{"line":3,"column":37}},"2":{"start":{"line":4,"column":0},"end":{"line":4,"column":28}},"3":{"start":{"line":5,"column":0},"end":{"line":5,"column":24}},"4":{"start":{"line":6,"column":0},"end":{"line":6,"column":39}},"5":{"start":{"line":8,"column":21},"end":{"line":8,"column":30}},"6":{"start":{"line":10,"column":0},"end":{"line":10,"column":50}},"7":{"start":{"line":11,"column":0},"end":{"line":11,"column":27}},"8":{"start":{"line":12,"column":0},"end":{"line":12,"column":null}},"9":{"start":{"line":13,"column":0},"end":{"line":13,"column":16}},"10":{"start":{"line":14,"column":0},"end":{"line":14,"column":null}},"11":{"start":{"line":16,"column":0},"end":{"line":16,"column":19}}},"fnMap":{},"branchMap":{},"s":{"0":4,"1":4,"2":4,"3":4,"4":4,"5":4,"6":4,"7":4,"8":4,"9":4,"10":4,"11":4},"f":{},"b":{}}
,"/Users/mobiletechpeople/Desktop/Dossier_Ignace/PROJET_QUENTIN/WEBSERVICE/src/models/MligneOperation.ts": {"path":"/Users/mobiletechpeople/Desktop/Dossier_Ignace/PROJET_QUENTIN/WEBSERVICE/src/models/MligneOperation.ts","statementMap":{"0":{"start":{"line":1,"column":0},"end":{"line":1,"column":34}},"1":{"start":{"line":2,"column":0},"end":{"line":2,"column":53}},"2":{"start":{"line":28,"column":0},"end":{"line":57,"column":null}},"3":{"start":{"line":59,"column":2},"end":{"line":59,"column":33}}},"fnMap":{},"branchMap":{},"s":{"0":4,"1":4,"2":4,"3":4},"f":{},"b":{}}
,"/Users/mobiletechpeople/Desktop/Dossier_Ignace/PROJET_QUENTIN/WEBSERVICE/src/models/Mproduit.ts": {"path":"/Users/mobiletechpeople/Desktop/Dossier_Ignace/PROJET_QUENTIN/WEBSERVICE/src/models/Mproduit.ts","statementMap":{"0":{"start":{"line":1,"column":0},"end":{"line":1,"column":34}},"1":{"start":{"line":2,"column":0},"end":{"line":2,"column":53}},"2":{"start":{"line":24,"column":0},"end":{"line":45,"column":null}},"3":{"start":{"line":47,"column":2},"end":{"line":47,"column":26}}},"fnMap":{},"branchMap":{},"s":{"0":4,"1":4,"2":4,"3":4},"f":{},"b":{}}
,"/Users/mobiletechpeople/Desktop/Dossier_Ignace/PROJET_QUENTIN/WEBSERVICE/src/models/userModel.ts": {"path":"/Users/mobiletechpeople/Desktop/Dossier_Ignace/PROJET_QUENTIN/WEBSERVICE/src/models/userModel.ts","statementMap":{"0":{"start":{"line":2,"column":0},"end":{"line":2,"column":34}},"1":{"start":{"line":3,"column":0},"end":{"line":3,"column":53}},"2":{"start":{"line":35,"column":0},"end":{"line":74,"column":null}},"3":{"start":{"line":75,"column":2},"end":{"line":75,"column":22}}},"fnMap":{},"branchMap":{},"s":{"0":4,"1":4,"2":4,"3":4},"f":{},"b":{}}
,"/Users/mobiletechpeople/Desktop/Dossier_Ignace/PROJET_QUENTIN/WEBSERVICE/src/models/userProfilModel.ts": {"path":"/Users/mobiletechpeople/Desktop/Dossier_Ignace/PROJET_QUENTIN/WEBSERVICE/src/models/userProfilModel.ts","statementMap":{"0":{"start":{"line":1,"column":0},"end":{"line":1,"column":34}},"1":{"start":{"line":2,"column":0},"end":{"line":2,"column":53}},"2":{"start":{"line":25,"column":0},"end":{"line":42,"column":null}},"3":{"start":{"line":44,"column":2},"end":{"line":44,"column":null}}},"fnMap":{},"branchMap":{},"s":{"0":4,"1":4,"2":4,"3":4},"f":{},"b":{}}
,"/Users/mobiletechpeople/Desktop/Dossier_Ignace/PROJET_QUENTIN/WEBSERVICE/src/routes/routes.ts": {"path":"/Users/mobiletechpeople/Desktop/Dossier_Ignace/PROJET_QUENTIN/WEBSERVICE/src/routes/routes.ts","statementMap":{"0":{"start":{"line":1,"column":0},"end":{"line":1,"column":33}},"1":{"start":{"line":2,"column":0},"end":{"line":2,"column":55}},"2":{"start":{"line":3,"column":0},"end":{"line":3,"column":60}},"3":{"start":{"line":4,"column":0},"end":{"line":4,"column":66}},"4":{"start":{"line":5,"column":0},"end":{"line":5,"column":80}},"5":{"start":{"line":8,"column":13},"end":{"line":8,"column":null}},"6":{"start":{"line":11,"column":0},"end":{"line":11,"column":32}},"7":{"start":{"line":12,"column":0},"end":{"line":12,"column":33}},"8":{"start":{"line":14,"column":0},"end":{"line":14,"column":37}},"9":{"start":{"line":15,"column":0},"end":{"line":15,"column":37}},"10":{"start":{"line":17,"column":0},"end":{"line":17,"column":39}},"11":{"start":{"line":18,"column":0},"end":{"line":18,"column":39}},"12":{"start":{"line":20,"column":0},"end":{"line":20,"column":53}},"13":{"start":{"line":21,"column":0},"end":{"line":21,"column":53}}},"fnMap":{},"branchMap":{},"s":{"0":4,"1":4,"2":4,"3":4,"4":4,"5":4,"6":4,"7":4,"8":4,"9":4,"10":4,"11":4,"12":4,"13":4},"f":{},"b":{}}
,"/Users/mobiletechpeople/Desktop/Dossier_Ignace/PROJET_QUENTIN/WEBSERVICE/src/service/SligneOperation.ts": {"path":"/Users/mobiletechpeople/Desktop/Dossier_Ignace/PROJET_QUENTIN/WEBSERVICE/src/service/SligneOperation.ts","statementMap":{"0":{"start":{"line":2,"column":0},"end":{"line":2,"column":56}},"1":{"start":{"line":3,"column":0},"end":{"line":3,"column":69}},"2":{"start":{"line":6,"column":49},"end":{"line":20,"column":null}},"3":{"start":{"line":6,"column":72},"end":{"line":20,"column":null}},"4":{"start":{"line":7,"column":4},"end":{"line":19,"column":null}},"5":{"start":{"line":8,"column":10},"end":{"line":15,"column":null}},"6":{"start":{"line":10,"column":12},"end":{"line":14,"column":null}},"7":{"start":{"line":11,"column":16},"end":{"line":11,"column":81}},"8":{"start":{"line":13,"column":16},"end":{"line":13,"column":111}},"9":{"start":{"line":18,"column":8},"end":{"line":18,"column":56}},"10":{"start":{"line":6,"column":13},"end":{"line":6,"column":49}},"11":{"start":{"line":23,"column":49},"end":{"line":51,"column":null}},"12":{"start":{"line":23,"column":72},"end":{"line":51,"column":null}},"13":{"start":{"line":25,"column":61},"end":{"line":25,"column":69}},"14":{"start":{"line":27,"column":4},"end":{"line":29,"column":null}},"15":{"start":{"line":28,"column":8},"end":{"line":28,"column":96}},"16":{"start":{"line":31,"column":3},"end":{"line":50,"column":null}},"17":{"start":{"line":32,"column":10},"end":{"line":47,"column":null}},"18":{"start":{"line":34,"column":20},"end":{"line":46,"column":null}},"19":{"start":{"line":35,"column":24},"end":{"line":35,"column":107}},"20":{"start":{"line":38,"column":24},"end":{"line":45,"column":null}},"21":{"start":{"line":40,"column":32},"end":{"line":44,"column":null}},"22":{"start":{"line":41,"column":36},"end":{"line":41,"column":120}},"23":{"start":{"line":43,"column":36},"end":{"line":43,"column":128}},"24":{"start":{"line":49,"column":12},"end":{"line":49,"column":60}},"25":{"start":{"line":23,"column":13},"end":{"line":23,"column":49}}},"fnMap":{"0":{"name":"(anonymous_8)","decl":{"start":{"line":6,"column":49},"end":{"line":6,"column":55}},"loc":{"start":{"line":6,"column":72},"end":{"line":20,"column":null}}},"1":{"name":"(anonymous_9)","decl":{"start":{"line":6,"column":72},"end":{"line":6,"column":null}},"loc":{"start":{"line":6,"column":72},"end":{"line":20,"column":1}}},"2":{"name":"(anonymous_10)","decl":{"start":{"line":9,"column":15},"end":{"line":9,"column":23}},"loc":{"start":{"line":9,"column":26},"end":{"line":15,"column":10}}},"3":{"name":"(anonymous_11)","decl":{"start":{"line":23,"column":49},"end":{"line":23,"column":55}},"loc":{"start":{"line":23,"column":72},"end":{"line":51,"column":null}}},"4":{"name":"(anonymous_12)","decl":{"start":{"line":23,"column":72},"end":{"line":23,"column":null}},"loc":{"start":{"line":23,"column":72},"end":{"line":51,"column":1}}},"5":{"name":"(anonymous_13)","decl":{"start":{"line":33,"column":22},"end":{"line":33,"column":28}},"loc":{"start":{"line":33,"column":31},"end":{"line":47,"column":17}}},"6":{"name":"(anonymous_14)","decl":{"start":{"line":39,"column":30},"end":{"line":39,"column":36}},"loc":{"start":{"line":39,"column":39},"end":{"line":45,"column":33}}}},"branchMap":{"0":{"loc":{"start":{"line":10,"column":12},"end":{"line":14,"column":null}},"type":"if","locations":[{"start":{"line":10,"column":12},"end":{"line":14,"column":null}},{"start":{"line":12,"column":18},"end":{"line":14,"column":null}}]},"1":{"loc":{"start":{"line":27,"column":4},"end":{"line":29,"column":null}},"type":"if","locations":[{"start":{"line":27,"column":4},"end":{"line":29,"column":null}}]},"2":{"loc":{"start":{"line":27,"column":7},"end":{"line":27,"column":46}},"type":"binary-expr","locations":[{"start":{"line":27,"column":7},"end":{"line":27,"column":12}},{"start":{"line":27,"column":16},"end":{"line":27,"column":24}},{"start":{"line":27,"column":28},"end":{"line":27,"column":34}},{"start":{"line":27,"column":38},"end":{"line":27,"column":46}}]},"3":{"loc":{"start":{"line":34,"column":20},"end":{"line":46,"column":null}},"type":"if","locations":[{"start":{"line":34,"column":20},"end":{"line":46,"column":null}},{"start":{"line":36,"column":25},"end":{"line":46,"column":null}}]},"4":{"loc":{"start":{"line":40,"column":32},"end":{"line":44,"column":null}},"type":"if","locations":[{"start":{"line":40,"column":32},"end":{"line":44,"column":null}},{"start":{"line":42,"column":37},"end":{"line":44,"column":null}}]}},"s":{"0":4,"1":4,"2":4,"3":2,"4":2,"5":2,"6":2,"7":2,"8":0,"9":0,"10":4,"11":4,"12":3,"13":3,"14":3,"15":1,"16":2,"17":2,"18":2,"19":2,"20":0,"21":0,"22":0,"23":0,"24":0,"25":4},"f":{"0":2,"1":2,"2":2,"3":3,"4":3,"5":2,"6":0},"b":{"0":[2,0],"1":[1],"2":[3,2,2,2],"3":[2,0],"4":[0,0]}}
,"/Users/mobiletechpeople/Desktop/Dossier_Ignace/PROJET_QUENTIN/WEBSERVICE/src/service/Sproduit.ts": {"path":"/Users/mobiletechpeople/Desktop/Dossier_Ignace/PROJET_QUENTIN/WEBSERVICE/src/service/Sproduit.ts","statementMap":{"0":{"start":{"line":2,"column":0},"end":{"line":2,"column":56}},"1":{"start":{"line":3,"column":0},"end":{"line":3,"column":55}},"2":{"start":{"line":6,"column":42},"end":{"line":20,"column":null}},"3":{"start":{"line":6,"column":65},"end":{"line":20,"column":null}},"4":{"start":{"line":7,"column":4},"end":{"line":19,"column":null}},"5":{"start":{"line":8,"column":10},"end":{"line":15,"column":null}},"6":{"start":{"line":10,"column":12},"end":{"line":14,"column":null}},"7":{"start":{"line":11,"column":16},"end":{"line":11,"column":81}},"8":{"start":{"line":13,"column":16},"end":{"line":13,"column":111}},"9":{"start":{"line":18,"column":8},"end":{"line":18,"column":56}},"10":{"start":{"line":6,"column":13},"end":{"line":6,"column":42}},"11":{"start":{"line":23,"column":42},"end":{"line":51,"column":null}},"12":{"start":{"line":23,"column":65},"end":{"line":51,"column":null}},"13":{"start":{"line":25,"column":38},"end":{"line":25,"column":46}},"14":{"start":{"line":27,"column":4},"end":{"line":29,"column":null}},"15":{"start":{"line":28,"column":8},"end":{"line":28,"column":96}},"16":{"start":{"line":31,"column":3},"end":{"line":50,"column":null}},"17":{"start":{"line":32,"column":10},"end":{"line":47,"column":null}},"18":{"start":{"line":34,"column":20},"end":{"line":46,"column":null}},"19":{"start":{"line":35,"column":24},"end":{"line":35,"column":107}},"20":{"start":{"line":38,"column":24},"end":{"line":45,"column":null}},"21":{"start":{"line":40,"column":32},"end":{"line":44,"column":null}},"22":{"start":{"line":41,"column":36},"end":{"line":41,"column":120}},"23":{"start":{"line":43,"column":36},"end":{"line":43,"column":128}},"24":{"start":{"line":49,"column":12},"end":{"line":49,"column":60}},"25":{"start":{"line":23,"column":13},"end":{"line":23,"column":42}}},"fnMap":{"0":{"name":"(anonymous_8)","decl":{"start":{"line":6,"column":42},"end":{"line":6,"column":48}},"loc":{"start":{"line":6,"column":65},"end":{"line":20,"column":null}}},"1":{"name":"(anonymous_9)","decl":{"start":{"line":6,"column":65},"end":{"line":6,"column":null}},"loc":{"start":{"line":6,"column":65},"end":{"line":20,"column":1}}},"2":{"name":"(anonymous_10)","decl":{"start":{"line":9,"column":15},"end":{"line":9,"column":23}},"loc":{"start":{"line":9,"column":26},"end":{"line":15,"column":10}}},"3":{"name":"(anonymous_11)","decl":{"start":{"line":23,"column":42},"end":{"line":23,"column":48}},"loc":{"start":{"line":23,"column":65},"end":{"line":51,"column":null}}},"4":{"name":"(anonymous_12)","decl":{"start":{"line":23,"column":65},"end":{"line":23,"column":null}},"loc":{"start":{"line":23,"column":65},"end":{"line":51,"column":1}}},"5":{"name":"(anonymous_13)","decl":{"start":{"line":33,"column":22},"end":{"line":33,"column":28}},"loc":{"start":{"line":33,"column":31},"end":{"line":47,"column":17}}},"6":{"name":"(anonymous_14)","decl":{"start":{"line":39,"column":30},"end":{"line":39,"column":36}},"loc":{"start":{"line":39,"column":39},"end":{"line":45,"column":33}}}},"branchMap":{"0":{"loc":{"start":{"line":10,"column":12},"end":{"line":14,"column":null}},"type":"if","locations":[{"start":{"line":10,"column":12},"end":{"line":14,"column":null}},{"start":{"line":12,"column":18},"end":{"line":14,"column":null}}]},"1":{"loc":{"start":{"line":27,"column":4},"end":{"line":29,"column":null}},"type":"if","locations":[{"start":{"line":27,"column":4},"end":{"line":29,"column":null}}]},"2":{"loc":{"start":{"line":27,"column":7},"end":{"line":27,"column":24}},"type":"binary-expr","locations":[{"start":{"line":27,"column":7},"end":{"line":27,"column":12}},{"start":{"line":27,"column":16},"end":{"line":27,"column":24}}]},"3":{"loc":{"start":{"line":34,"column":20},"end":{"line":46,"column":null}},"type":"if","locations":[{"start":{"line":34,"column":20},"end":{"line":46,"column":null}},{"start":{"line":36,"column":25},"end":{"line":46,"column":null}}]},"4":{"loc":{"start":{"line":40,"column":32},"end":{"line":44,"column":null}},"type":"if","locations":[{"start":{"line":40,"column":32},"end":{"line":44,"column":null}},{"start":{"line":42,"column":37},"end":{"line":44,"column":null}}]}},"s":{"0":4,"1":4,"2":4,"3":2,"4":2,"5":2,"6":2,"7":2,"8":0,"9":0,"10":4,"11":4,"12":3,"13":3,"14":3,"15":1,"16":2,"17":2,"18":2,"19":2,"20":0,"21":0,"22":0,"23":0,"24":0,"25":4},"f":{"0":2,"1":2,"2":2,"3":3,"4":3,"5":2,"6":0},"b":{"0":[2,0],"1":[1],"2":[3,2],"3":[2,0],"4":[0,0]}}
,"/Users/mobiletechpeople/Desktop/Dossier_Ignace/PROJET_QUENTIN/WEBSERVICE/src/service/userProfilService.ts": {"path":"/Users/mobiletechpeople/Desktop/Dossier_Ignace/PROJET_QUENTIN/WEBSERVICE/src/service/userProfilService.ts","statementMap":{"0":{"start":{"line":2,"column":0},"end":{"line":2,"column":59}},"1":{"start":{"line":3,"column":0},"end":{"line":3,"column":56}},"2":{"start":{"line":6,"column":41},"end":{"line":19,"column":null}},"3":{"start":{"line":6,"column":64},"end":{"line":19,"column":null}},"4":{"start":{"line":7,"column":4},"end":{"line":18,"column":null}},"5":{"start":{"line":8,"column":10},"end":{"line":15,"column":null}},"6":{"start":{"line":10,"column":16},"end":{"line":14,"column":null}},"7":{"start":{"line":11,"column":20},"end":{"line":11,"column":85}},"8":{"start":{"line":13,"column":20},"end":{"line":13,"column":115}},"9":{"start":{"line":17,"column":8},"end":{"line":17,"column":56}},"10":{"start":{"line":6,"column":13},"end":{"line":6,"column":41}},"11":{"start":{"line":22,"column":41},"end":{"line":56,"column":null}},"12":{"start":{"line":22,"column":64},"end":{"line":56,"column":null}},"13":{"start":{"line":24,"column":31},"end":{"line":24,"column":39}},"14":{"start":{"line":26,"column":4},"end":{"line":28,"column":null}},"15":{"start":{"line":27,"column":8},"end":{"line":27,"column":96}},"16":{"start":{"line":30,"column":3},"end":{"line":55,"column":null}},"17":{"start":{"line":32,"column":4},"end":{"line":49,"column":null}},"18":{"start":{"line":34,"column":8},"end":{"line":45,"column":null}},"19":{"start":{"line":35,"column":12},"end":{"line":35,"column":96}},"20":{"start":{"line":37,"column":12},"end":{"line":44,"column":null}},"21":{"start":{"line":39,"column":16},"end":{"line":43,"column":null}},"22":{"start":{"line":40,"column":20},"end":{"line":40,"column":104}},"23":{"start":{"line":42,"column":20},"end":{"line":42,"column":112}},"24":{"start":{"line":48,"column":8},"end":{"line":48,"column":56}},"25":{"start":{"line":54,"column":4},"end":{"line":54,"column":52}},"26":{"start":{"line":22,"column":13},"end":{"line":22,"column":41}}},"fnMap":{"0":{"name":"(anonymous_8)","decl":{"start":{"line":6,"column":41},"end":{"line":6,"column":47}},"loc":{"start":{"line":6,"column":64},"end":{"line":19,"column":null}}},"1":{"name":"(anonymous_9)","decl":{"start":{"line":6,"column":64},"end":{"line":6,"column":null}},"loc":{"start":{"line":6,"column":64},"end":{"line":19,"column":1}}},"2":{"name":"(anonymous_10)","decl":{"start":{"line":9,"column":16},"end":{"line":9,"column":24}},"loc":{"start":{"line":9,"column":27},"end":{"line":15,"column":11}}},"3":{"name":"(anonymous_11)","decl":{"start":{"line":22,"column":41},"end":{"line":22,"column":47}},"loc":{"start":{"line":22,"column":64},"end":{"line":56,"column":null}}},"4":{"name":"(anonymous_12)","decl":{"start":{"line":22,"column":64},"end":{"line":22,"column":null}},"loc":{"start":{"line":22,"column":64},"end":{"line":56,"column":1}}},"5":{"name":"(anonymous_13)","decl":{"start":{"line":33,"column":10},"end":{"line":33,"column":18}},"loc":{"start":{"line":33,"column":21},"end":{"line":46,"column":5}}},"6":{"name":"(anonymous_14)","decl":{"start":{"line":38,"column":18},"end":{"line":38,"column":24}},"loc":{"start":{"line":38,"column":27},"end":{"line":44,"column":13}}},"7":{"name":"(anonymous_15)","decl":{"start":{"line":47,"column":11},"end":{"line":47,"column":16}},"loc":{"start":{"line":47,"column":18},"end":{"line":49,"column":5}}}},"branchMap":{"0":{"loc":{"start":{"line":10,"column":16},"end":{"line":14,"column":null}},"type":"if","locations":[{"start":{"line":10,"column":16},"end":{"line":14,"column":null}},{"start":{"line":12,"column":21},"end":{"line":14,"column":null}}]},"1":{"loc":{"start":{"line":26,"column":4},"end":{"line":28,"column":null}},"type":"if","locations":[{"start":{"line":26,"column":4},"end":{"line":28,"column":null}}]},"2":{"loc":{"start":{"line":26,"column":7},"end":{"line":26,"column":35}},"type":"binary-expr","locations":[{"start":{"line":26,"column":7},"end":{"line":26,"column":15}},{"start":{"line":26,"column":19},"end":{"line":26,"column":35}}]},"3":{"loc":{"start":{"line":34,"column":8},"end":{"line":45,"column":null}},"type":"if","locations":[{"start":{"line":34,"column":8},"end":{"line":45,"column":null}},{"start":{"line":36,"column":13},"end":{"line":45,"column":null}}]},"4":{"loc":{"start":{"line":39,"column":16},"end":{"line":43,"column":null}},"type":"if","locations":[{"start":{"line":39,"column":16},"end":{"line":43,"column":null}},{"start":{"line":41,"column":22},"end":{"line":43,"column":null}}]}},"s":{"0":4,"1":4,"2":4,"3":2,"4":2,"5":2,"6":2,"7":2,"8":0,"9":0,"10":4,"11":4,"12":3,"13":3,"14":3,"15":1,"16":2,"17":2,"18":2,"19":2,"20":0,"21":0,"22":0,"23":0,"24":0,"25":0,"26":4},"f":{"0":2,"1":2,"2":2,"3":3,"4":3,"5":2,"6":0,"7":0},"b":{"0":[2,0],"1":[1],"2":[3,2],"3":[2,0],"4":[0,0]}}
,"/Users/mobiletechpeople/Desktop/Dossier_Ignace/PROJET_QUENTIN/WEBSERVICE/src/service/userService.ts": {"path":"/Users/mobiletechpeople/Desktop/Dossier_Ignace/PROJET_QUENTIN/WEBSERVICE/src/service/userService.ts","statementMap":{"0":{"start":{"line":2,"column":0},"end":{"line":2,"column":56}},"1":{"start":{"line":3,"column":0},"end":{"line":3,"column":53}},"2":{"start":{"line":7,"column":38},"end":{"line":21,"column":null}},"3":{"start":{"line":7,"column":61},"end":{"line":21,"column":null}},"4":{"start":{"line":8,"column":4},"end":{"line":20,"column":null}},"5":{"start":{"line":9,"column":10},"end":{"line":16,"column":null}},"6":{"start":{"line":11,"column":12},"end":{"line":15,"column":null}},"7":{"start":{"line":12,"column":16},"end":{"line":12,"column":81}},"8":{"start":{"line":14,"column":16},"end":{"line":14,"column":111}},"9":{"start":{"line":19,"column":8},"end":{"line":19,"column":56}},"10":{"start":{"line":7,"column":13},"end":{"line":7,"column":38}},"11":{"start":{"line":24,"column":39},"end":{"line":52,"column":null}},"12":{"start":{"line":24,"column":62},"end":{"line":52,"column":null}},"13":{"start":{"line":26,"column":72},"end":{"line":26,"column":80}},"14":{"start":{"line":28,"column":4},"end":{"line":30,"column":null}},"15":{"start":{"line":29,"column":8},"end":{"line":29,"column":96}},"16":{"start":{"line":32,"column":3},"end":{"line":51,"column":null}},"17":{"start":{"line":33,"column":10},"end":{"line":48,"column":null}},"18":{"start":{"line":35,"column":20},"end":{"line":47,"column":null}},"19":{"start":{"line":36,"column":24},"end":{"line":36,"column":107}},"20":{"start":{"line":39,"column":24},"end":{"line":46,"column":null}},"21":{"start":{"line":41,"column":32},"end":{"line":45,"column":null}},"22":{"start":{"line":42,"column":36},"end":{"line":42,"column":120}},"23":{"start":{"line":44,"column":36},"end":{"line":44,"column":128}},"24":{"start":{"line":50,"column":12},"end":{"line":50,"column":60}},"25":{"start":{"line":24,"column":13},"end":{"line":24,"column":39}}},"fnMap":{"0":{"name":"(anonymous_8)","decl":{"start":{"line":7,"column":38},"end":{"line":7,"column":44}},"loc":{"start":{"line":7,"column":61},"end":{"line":21,"column":null}}},"1":{"name":"(anonymous_9)","decl":{"start":{"line":7,"column":61},"end":{"line":7,"column":null}},"loc":{"start":{"line":7,"column":61},"end":{"line":21,"column":1}}},"2":{"name":"(anonymous_10)","decl":{"start":{"line":10,"column":15},"end":{"line":10,"column":23}},"loc":{"start":{"line":10,"column":26},"end":{"line":16,"column":10}}},"3":{"name":"(anonymous_11)","decl":{"start":{"line":24,"column":39},"end":{"line":24,"column":45}},"loc":{"start":{"line":24,"column":62},"end":{"line":52,"column":null}}},"4":{"name":"(anonymous_12)","decl":{"start":{"line":24,"column":62},"end":{"line":24,"column":null}},"loc":{"start":{"line":24,"column":62},"end":{"line":52,"column":1}}},"5":{"name":"(anonymous_13)","decl":{"start":{"line":34,"column":22},"end":{"line":34,"column":28}},"loc":{"start":{"line":34,"column":31},"end":{"line":48,"column":17}}},"6":{"name":"(anonymous_14)","decl":{"start":{"line":40,"column":30},"end":{"line":40,"column":36}},"loc":{"start":{"line":40,"column":39},"end":{"line":46,"column":33}}}},"branchMap":{"0":{"loc":{"start":{"line":11,"column":12},"end":{"line":15,"column":null}},"type":"if","locations":[{"start":{"line":11,"column":12},"end":{"line":15,"column":null}},{"start":{"line":13,"column":18},"end":{"line":15,"column":null}}]},"1":{"loc":{"start":{"line":28,"column":4},"end":{"line":30,"column":null}},"type":"if","locations":[{"start":{"line":28,"column":4},"end":{"line":30,"column":null}}]},"2":{"loc":{"start":{"line":28,"column":7},"end":{"line":28,"column":74}},"type":"binary-expr","locations":[{"start":{"line":28,"column":7},"end":{"line":28,"column":17}},{"start":{"line":28,"column":21},"end":{"line":28,"column":30}},{"start":{"line":28,"column":34},"end":{"line":28,"column":40}},{"start":{"line":28,"column":44},"end":{"line":28,"column":53}},{"start":{"line":28,"column":57},"end":{"line":28,"column":63}},{"start":{"line":28,"column":67},"end":{"line":28,"column":74}}]},"3":{"loc":{"start":{"line":35,"column":20},"end":{"line":47,"column":null}},"type":"if","locations":[{"start":{"line":35,"column":20},"end":{"line":47,"column":null}},{"start":{"line":37,"column":25},"end":{"line":47,"column":null}}]},"4":{"loc":{"start":{"line":41,"column":32},"end":{"line":45,"column":null}},"type":"if","locations":[{"start":{"line":41,"column":32},"end":{"line":45,"column":null}},{"start":{"line":43,"column":37},"end":{"line":45,"column":null}}]}},"s":{"0":4,"1":4,"2":4,"3":2,"4":2,"5":2,"6":2,"7":2,"8":0,"9":0,"10":4,"11":4,"12":3,"13":3,"14":3,"15":1,"16":2,"17":2,"18":2,"19":2,"20":0,"21":0,"22":0,"23":0,"24":0,"25":4},"f":{"0":2,"1":2,"2":2,"3":3,"4":3,"5":2,"6":0},"b":{"0":[2,0],"1":[1],"2":[3,2,2,2,2,2],"3":[2,0],"4":[0,0]}}
}
