TN:
SF:src/index.ts
FN:8,(anonymous_1)
FN:9,(anonymous_2)
FN:13,(anonymous_3)
FNF:3
FNH:0
FNDA:0,(anonymous_1)
FNDA:0,(anonymous_2)
FNDA:0,(anonymous_3)
DA:2,0
DA:3,0
DA:4,0
DA:7,0
DA:8,0
DA:9,0
DA:12,0
DA:13,0
DA:15,0
LF:9
LH:0
BRF:0
BRH:0
end_of_record
TN:
SF:src/bd/cnx.ts
FNF:0
FNH:0
DA:3,5
DA:4,5
DA:6,5
DA:7,5
DA:8,5
DA:9,5
DA:10,5
DA:11,5
DA:13,5
DA:31,5
LF:10
LH:10
BRDA:16,0,0,5
BRDA:16,0,1,0
BRF:2
BRH:1
end_of_record
TN:
SF:src/common/params.ts
FNF:0
FNH:0
DA:1,5
DA:2,5
DA:4,5
DA:17,5
LF:4
LH:4
BRF:0
BRH:0
end_of_record
TN:
SF:src/common/retourParams.ts
FNF:0
FNH:0
DA:2,5
LF:1
LH:1
BRF:0
BRH:0
end_of_record
TN:
SF:src/common/serveurParams.ts
FNF:0
FNH:0
DA:2,5
DA:3,5
DA:4,5
DA:5,5
DA:6,5
DA:8,5
DA:10,5
DA:11,5
DA:12,5
DA:13,5
DA:14,5
DA:16,5
LF:12
LH:12
BRF:0
BRH:0
end_of_record
TN:
SF:src/controlleur/verifToken.ts
FN:6,(anonymous_1)
FN:14,(anonymous_2)
FN:34,(anonymous_3)
FNF:3
FNH:3
FNDA:1,(anonymous_1)
FNDA:3,(anonymous_2)
FNDA:1,(anonymous_3)
DA:1,5
DA:3,5
DA:6,5
DA:7,1
DA:8,0
DA:10,1
DA:11,1
DA:14,5
DA:16,3
DA:18,3
DA:19,2
DA:23,1
DA:24,1
DA:25,1
DA:26,0
DA:28,1
DA:30,0
DA:34,5
DA:35,1
DA:36,1
DA:38,0
LF:21
LH:17
BRDA:7,0,0,0
BRDA:11,1,0,1
BRDA:11,1,1,1
BRDA:16,2,0,3
BRDA:16,2,1,1
BRDA:18,3,0,2
BRDA:25,4,0,0
BRF:7
BRH:5
end_of_record
TN:
SF:src/models/MligneOperation.ts
FNF:0
FNH:0
DA:1,5
DA:2,5
DA:28,5
DA:59,5
LF:4
LH:4
BRF:0
BRH:0
end_of_record
TN:
SF:src/models/Mproduit.ts
FNF:0
FNH:0
DA:1,5
DA:2,5
DA:24,5
DA:47,5
LF:4
LH:4
BRF:0
BRH:0
end_of_record
TN:
SF:src/models/userModel.ts
FNF:0
FNH:0
DA:2,5
DA:3,5
DA:35,5
DA:75,5
LF:4
LH:4
BRF:0
BRH:0
end_of_record
TN:
SF:src/models/userProfilModel.ts
FNF:0
FNH:0
DA:1,5
DA:2,5
DA:25,5
DA:44,5
LF:4
LH:4
BRF:0
BRH:0
end_of_record
TN:
SF:src/routes/routes.ts
FNF:0
FNH:0
DA:1,5
DA:2,5
DA:3,5
DA:4,5
DA:5,5
DA:6,5
DA:9,5
DA:12,5
DA:14,5
DA:15,5
DA:16,5
DA:18,5
DA:19,5
DA:20,5
DA:22,5
DA:23,5
DA:24,5
DA:26,5
DA:27,5
DA:28,5
DA:32,5
DA:35,5
LF:22
LH:22
BRF:0
BRH:0
end_of_record
TN:
SF:src/service/SligneOperation.ts
FN:6,(anonymous_8)
FN:6,(anonymous_9)
FN:9,(anonymous_10)
FN:23,(anonymous_11)
FN:23,(anonymous_12)
FN:33,(anonymous_13)
FN:39,(anonymous_14)
FN:54,(anonymous_15)
FN:54,(anonymous_16)
FN:64,(anonymous_17)
FN:67,(anonymous_18)
FNF:11
FNH:10
FNDA:2,(anonymous_8)
FNDA:2,(anonymous_9)
FNDA:2,(anonymous_10)
FNDA:3,(anonymous_11)
FNDA:3,(anonymous_12)
FNDA:2,(anonymous_13)
FNDA:0,(anonymous_14)
FNDA:3,(anonymous_15)
FNDA:3,(anonymous_16)
FNDA:2,(anonymous_17)
FNDA:1,(anonymous_18)
DA:2,5
DA:3,5
DA:6,5
DA:7,2
DA:8,2
DA:10,2
DA:11,2
DA:13,0
DA:18,0
DA:23,5
DA:25,3
DA:27,3
DA:28,1
DA:31,2
DA:32,2
DA:34,2
DA:35,2
DA:38,0
DA:40,0
DA:41,0
DA:43,0
DA:49,0
DA:54,5
DA:56,3
DA:58,3
DA:59,1
DA:62,2
DA:63,2
DA:65,2
DA:66,1
DA:68,1
DA:69,1
DA:71,0
DA:75,1
DA:79,0
LF:35
LH:26
BRDA:10,0,0,2
BRDA:10,0,1,0
BRDA:27,1,0,1
BRDA:27,2,0,3
BRDA:27,2,1,2
BRDA:27,2,2,2
BRDA:27,2,3,2
BRDA:34,3,0,2
BRDA:34,3,1,0
BRDA:40,4,0,0
BRDA:40,4,1,0
BRDA:58,5,0,1
BRDA:58,6,0,3
BRDA:58,6,1,2
BRDA:58,6,2,2
BRDA:58,6,3,2
BRDA:58,6,4,2
BRDA:65,7,0,1
BRDA:65,7,1,1
BRDA:68,8,0,1
BRDA:68,8,1,0
BRF:21
BRH:16
end_of_record
TN:
SF:src/service/Sproduit.ts
FN:6,(anonymous_8)
FN:6,(anonymous_9)
FN:9,(anonymous_10)
FN:23,(anonymous_11)
FN:23,(anonymous_12)
FN:33,(anonymous_13)
FN:39,(anonymous_14)
FN:54,(anonymous_15)
FN:54,(anonymous_16)
FN:64,(anonymous_17)
FN:67,(anonymous_18)
FNF:11
FNH:10
FNDA:2,(anonymous_8)
FNDA:2,(anonymous_9)
FNDA:2,(anonymous_10)
FNDA:3,(anonymous_11)
FNDA:3,(anonymous_12)
FNDA:2,(anonymous_13)
FNDA:0,(anonymous_14)
FNDA:3,(anonymous_15)
FNDA:3,(anonymous_16)
FNDA:2,(anonymous_17)
FNDA:1,(anonymous_18)
DA:2,5
DA:3,5
DA:6,5
DA:7,2
DA:8,2
DA:10,2
DA:11,2
DA:13,0
DA:18,0
DA:23,5
DA:25,3
DA:27,3
DA:28,1
DA:31,2
DA:32,2
DA:34,2
DA:35,2
DA:38,0
DA:40,0
DA:41,0
DA:43,0
DA:49,0
DA:54,5
DA:56,3
DA:58,3
DA:59,1
DA:62,2
DA:63,2
DA:65,2
DA:66,1
DA:68,1
DA:69,1
DA:71,0
DA:75,1
DA:79,0
LF:35
LH:26
BRDA:10,0,0,2
BRDA:10,0,1,0
BRDA:27,1,0,1
BRDA:27,2,0,3
BRDA:27,2,1,2
BRDA:34,3,0,2
BRDA:34,3,1,0
BRDA:40,4,0,0
BRDA:40,4,1,0
BRDA:58,5,0,1
BRDA:58,6,0,3
BRDA:58,6,1,2
BRDA:58,6,2,2
BRDA:65,7,0,1
BRDA:65,7,1,1
BRDA:68,8,0,1
BRDA:68,8,1,0
BRF:17
BRH:12
end_of_record
TN:
SF:src/service/userProfilService.ts
FN:6,(anonymous_8)
FN:6,(anonymous_9)
FN:9,(anonymous_10)
FN:22,(anonymous_11)
FN:22,(anonymous_12)
FN:33,(anonymous_13)
FN:38,(anonymous_14)
FN:47,(anonymous_15)
FN:59,(anonymous_16)
FN:59,(anonymous_17)
FN:69,(anonymous_18)
FN:72,(anonymous_19)
FNF:12
FNH:10
FNDA:2,(anonymous_8)
FNDA:2,(anonymous_9)
FNDA:2,(anonymous_10)
FNDA:3,(anonymous_11)
FNDA:3,(anonymous_12)
FNDA:2,(anonymous_13)
FNDA:0,(anonymous_14)
FNDA:0,(anonymous_15)
FNDA:3,(anonymous_16)
FNDA:3,(anonymous_17)
FNDA:2,(anonymous_18)
FNDA:1,(anonymous_19)
DA:2,5
DA:3,5
DA:6,5
DA:7,2
DA:8,2
DA:10,2
DA:11,2
DA:13,0
DA:17,0
DA:22,5
DA:24,3
DA:26,3
DA:27,1
DA:30,2
DA:32,2
DA:34,2
DA:35,2
DA:37,0
DA:39,0
DA:40,0
DA:42,0
DA:48,0
DA:54,0
DA:59,5
DA:61,3
DA:63,3
DA:64,1
DA:67,2
DA:68,2
DA:70,2
DA:71,1
DA:73,1
DA:74,1
DA:76,0
DA:80,1
DA:84,0
LF:36
LH:26
BRDA:10,0,0,2
BRDA:10,0,1,0
BRDA:26,1,0,1
BRDA:34,2,0,2
BRDA:34,2,1,0
BRDA:39,3,0,0
BRDA:39,3,1,0
BRDA:63,4,0,1
BRDA:63,5,0,3
BRDA:63,5,1,2
BRDA:70,6,0,1
BRDA:70,6,1,1
BRDA:73,7,0,1
BRDA:73,7,1,0
BRF:14
BRH:9
end_of_record
TN:
SF:src/service/userService.ts
FN:10,(anonymous_8)
FN:10,(anonymous_9)
FN:13,(anonymous_10)
FN:27,(anonymous_11)
FN:27,(anonymous_12)
FN:37,(anonymous_13)
FN:41,(anonymous_14)
FN:44,(anonymous_15)
FN:51,(anonymous_16)
FN:62,(anonymous_17)
FN:62,(anonymous_18)
FN:72,(anonymous_19)
FN:75,(anonymous_20)
FN:92,(anonymous_21)
FN:92,(anonymous_22)
FN:102,(anonymous_23)
FN:105,(anonymous_24)
FN:107,(anonymous_25)
FN:120,(anonymous_26)
FN:123,(anonymous_27)
FN:136,(anonymous_28)
FN:140,(anonymous_29)
FNF:22
FNH:17
FNDA:1,(anonymous_8)
FNDA:1,(anonymous_9)
FNDA:1,(anonymous_10)
FNDA:3,(anonymous_11)
FNDA:3,(anonymous_12)
FNDA:2,(anonymous_13)
FNDA:0,(anonymous_14)
FNDA:0,(anonymous_15)
FNDA:0,(anonymous_16)
FNDA:3,(anonymous_17)
FNDA:3,(anonymous_18)
FNDA:2,(anonymous_19)
FNDA:1,(anonymous_20)
FNDA:3,(anonymous_21)
FNDA:3,(anonymous_22)
FNDA:2,(anonymous_23)
FNDA:1,(anonymous_24)
FNDA:1,(anonymous_25)
FNDA:0,(anonymous_26)
FNDA:0,(anonymous_27)
FNDA:1,(anonymous_28)
FNDA:1,(anonymous_29)
DA:1,5
DA:2,5
DA:4,5
DA:5,5
DA:6,5
DA:10,5
DA:11,1
DA:12,1
DA:14,1
DA:15,1
DA:17,0
DA:22,0
DA:27,5
DA:29,3
DA:31,3
DA:32,1
DA:35,2
DA:36,2
DA:38,2
DA:39,2
DA:41,0
DA:42,0
DA:43,0
DA:45,0
DA:46,0
DA:48,0
DA:52,0
DA:57,0
DA:62,5
DA:64,3
DA:66,3
DA:67,1
DA:70,2
DA:71,2
DA:73,2
DA:74,1
DA:76,1
DA:77,1
DA:79,0
DA:83,1
DA:87,0
DA:92,5
DA:94,3
DA:96,3
DA:97,1
DA:100,2
DA:101,2
DA:103,2
DA:104,1
DA:106,1
DA:108,1
DA:109,1
DA:118,1
DA:121,0
DA:124,0
DA:127,1
DA:131,0
DA:136,5
DA:137,1
DA:140,5
DA:141,1
LF:61
LH:46
BRDA:14,0,0,1
BRDA:14,0,1,0
BRDA:31,1,0,1
BRDA:31,2,0,3
BRDA:31,2,1,2
BRDA:31,2,2,2
BRDA:31,2,3,2
BRDA:31,2,4,2
BRDA:31,2,5,2
BRDA:38,3,0,2
BRDA:38,3,1,0
BRDA:45,4,0,0
BRDA:45,4,1,0
BRDA:66,5,0,1
BRDA:66,6,0,3
BRDA:66,6,1,2
BRDA:66,6,2,2
BRDA:66,6,3,2
BRDA:66,6,4,2
BRDA:66,6,5,2
BRDA:73,7,0,1
BRDA:73,7,1,1
BRDA:76,8,0,1
BRDA:76,8,1,0
BRDA:96,9,0,1
BRDA:96,10,0,3
BRDA:96,10,1,2
BRDA:103,11,0,1
BRDA:103,11,1,1
BRDA:108,12,0,1
BRF:30
BRH:25
end_of_record
